Vivado Simulator v2023.2
Copyright 1986-2022 Xilinx, Inc. All Rights Reserved.
Copyright 2022-2023 Advanced Micro Devices, Inc. All Rights Reserved.
Running: C:/Xilinx/Vivado/2023.2/bin/unwrapped/win64.o/xelab.exe --incr --debug typical --relax --mt 2 -L xil_defaultlib -L secureip --snapshot Randomizer_TB_behav xil_defaultlib.Randomizer_TB -log elaborate.log 
Using 2 slave threads.
Starting static elaboration
Completed static elaboration
Starting simulation data flow analysis
Completed simulation data flow analysis
Time Resolution for simulation is 1ps
Compiling package std.standard
Compiling package std.textio
Compiling package ieee.std_logic_1164
Compiling package ieee.numeric_std
Compiling package xil_defaultlib.minesweeppackage
Compiling package std.env
Compiling architecture leveldetector_arch of entity xil_defaultlib.LevelDetector [leveldetector_default]
Compiling architecture collisionchain_arch of entity xil_defaultlib.CollisionChain [collisionchain_default]
Compiling architecture randomizer_arch of entity xil_defaultlib.Randomizer [randomizer_default]
Compiling architecture randomizer_tb_arch of entity xil_defaultlib.randomizer_tb
Built simulation snapshot Randomizer_TB_behav
