
*** Running vivado
    with args -log MineSweepWrapper.vdi -applog -m64 -product Vivado -messageDb vivado.pb -mode batch -source MineSweepWrapper.tcl -notrace



****** Vivado v2023.2 (64-bit)
  **** SW Build 4029153 on Fri Oct 13 20:14:34 MDT 2023
  **** IP Build 4028589 on Sat Oct 14 00:45:43 MDT 2023
  **** SharedData Build 4025554 on Tue Oct 10 17:18:54 MDT 2023
    ** Copyright 1986-2022 Xilinx, Inc. All Rights Reserved.
    ** Copyright 2022-2023 Advanced Micro Devices, Inc. All Rights Reserved.

source MineSweepWrapper.tcl -notrace
Command: link_design -top MineSweepWrapper -part xc7a35tcpg236-1
Design is defaulting to srcset: sources_1
Design is defaulting to constrset: constrs_1
INFO: [Device 21-403] Loading part xc7a35tcpg236-1
Netlist sorting complete. Time (s): cpu = 00:00:00 ; elapsed = 00:00:00.001 . Memory (MB): peak = 938.223 ; gain = 0.000
INFO: [Netlist 29-17] Analyzing 4 Unisim elements for replacement
INFO: [Netlist 29-28] Unisim Transformation completed in 0 CPU seconds
INFO: [Project 1-479] Netlist was created with Vivado 2023.2
INFO: [Project 1-570] Preparing netlist for logic optimization
Parsing XDC File [C:/Users/rbrin/Documents/GitHub/CPE-3020-VHDL_Design/Lab4_Mine_Sweep/Basys-3-Master.xdc]
Finished Parsing XDC File [C:/Users/rbrin/Documents/GitHub/CPE-3020-VHDL_Design/Lab4_Mine_Sweep/Basys-3-Master.xdc]
INFO: [Opt 31-138] Pushed 0 inverter(s) to 0 load pin(s).
Netlist sorting complete. Time (s): cpu = 00:00:00 ; elapsed = 00:00:00.001 . Memory (MB): peak = 1068.180 ; gain = 0.000
INFO: [Project 1-111] Unisim Transformation Summary:
No Unisim elements were transformed.

The system cannot find the path specified.
7 Infos, 0 Warnings, 0 Critical Warnings and 0 Errors encountered.
link_design completed successfully
Command: opt_design
Attempting to get a license for feature 'Implementation' and/or device 'xc7a35t'
INFO: [Common 17-349] Got license for feature 'Implementation' and/or device 'xc7a35t'
Running DRC as a precondition to command opt_design

Starting DRC Task
INFO: [DRC 23-27] Running DRC with 2 threads
INFO: [Project 1-461] DRC finished with 0 Errors
INFO: [Project 1-462] Please refer to the DRC report (report_drc) for more information.

Time (s): cpu = 00:00:01 ; elapsed = 00:00:00.677 . Memory (MB): peak = 1091.367 ; gain = 18.184

Starting Cache Timing Information Task
INFO: [Timing 38-35] Done setting XDC timing constraints.
Ending Cache Timing Information Task | Checksum: 1b8c6168a

Time (s): cpu = 00:00:04 ; elapsed = 00:00:04 . Memory (MB): peak = 1641.609 ; gain = 550.242

Starting Logic Optimization Task

Phase 1 Initialization

Phase 1.1 Core Generation And Design Setup
Phase 1.1 Core Generation And Design Setup | Checksum: 1b8c6168a

Time (s): cpu = 00:00:00 ; elapsed = 00:00:00 . Memory (MB): peak = 2007.926 ; gain = 0.000

Phase 1.2 Setup Constraints And Sort Netlist
Phase 1.2 Setup Constraints And Sort Netlist | Checksum: 1b8c6168a

Time (s): cpu = 00:00:00 ; elapsed = 00:00:00.001 . Memory (MB): peak = 2007.926 ; gain = 0.000
Phase 1 Initialization | Checksum: 1b8c6168a

Time (s): cpu = 00:00:00 ; elapsed = 00:00:00.001 . Memory (MB): peak = 2007.926 ; gain = 0.000

Phase 2 Timer Update And Timing Data Collection

Phase 2.1 Timer Update
Phase 2.1 Timer Update | Checksum: 1b8c6168a

Time (s): cpu = 00:00:00 ; elapsed = 00:00:00.006 . Memory (MB): peak = 2007.926 ; gain = 0.000

Phase 2.2 Timing Data Collection
Phase 2.2 Timing Data Collection | Checksum: 1b8c6168a

Time (s): cpu = 00:00:00 ; elapsed = 00:00:00.009 . Memory (MB): peak = 2007.926 ; gain = 0.000
Phase 2 Timer Update And Timing Data Collection | Checksum: 1b8c6168a

Time (s): cpu = 00:00:00 ; elapsed = 00:00:00.009 . Memory (MB): peak = 2007.926 ; gain = 0.000

Phase 3 Retarget
INFO: [Opt 31-138] Pushed 0 inverter(s) to 0 load pin(s).
INFO: [Opt 31-49] Retargeted 0 cell(s).
Phase 3 Retarget | Checksum: 1b8c6168a

Time (s): cpu = 00:00:00 ; elapsed = 00:00:00.012 . Memory (MB): peak = 2007.926 ; gain = 0.000
Retarget | Checksum: 1b8c6168a
INFO: [Opt 31-389] Phase Retarget created 0 cells and removed 0 cells

Phase 4 Constant propagation
INFO: [Opt 31-138] Pushed 0 inverter(s) to 0 load pin(s).
Phase 4 Constant propagation | Checksum: 1b8c6168a

Time (s): cpu = 00:00:00 ; elapsed = 00:00:00.013 . Memory (MB): peak = 2007.926 ; gain = 0.000
Constant propagation | Checksum: 1b8c6168a
INFO: [Opt 31-389] Phase Constant propagation created 0 cells and removed 0 cells

Phase 5 Sweep
Phase 5 Sweep | Checksum: 1de831690

Time (s): cpu = 00:00:00 ; elapsed = 00:00:00.018 . Memory (MB): peak = 2007.926 ; gain = 0.000
Sweep | Checksum: 1de831690
INFO: [Opt 31-389] Phase Sweep created 14 cells and removed 0 cells

Phase 6 BUFG optimization
Phase 6 BUFG optimization | Checksum: 1de831690

Time (s): cpu = 00:00:00 ; elapsed = 00:00:00.045 . Memory (MB): peak = 2007.926 ; gain = 0.000
BUFG optimization | Checksum: 1de831690
INFO: [Opt 31-662] Phase BUFG optimization created 0 cells of which 0 are BUFGs and removed 0 cells.

Phase 7 Shift Register Optimization
INFO: [Opt 31-1064] SRL Remap converted 0 SRLs to 0 registers and converted 0 registers of register chains to 0 SRLs
Phase 7 Shift Register Optimization | Checksum: 1de831690

Time (s): cpu = 00:00:00 ; elapsed = 00:00:00.046 . Memory (MB): peak = 2007.926 ; gain = 0.000
Shift Register Optimization | Checksum: 1de831690
INFO: [Opt 31-389] Phase Shift Register Optimization created 0 cells and removed 0 cells

Phase 8 Post Processing Netlist
Phase 8 Post Processing Netlist | Checksum: 17a1fbfb3

Time (s): cpu = 00:00:00 ; elapsed = 00:00:00.047 . Memory (MB): peak = 2007.926 ; gain = 0.000
Post Processing Netlist | Checksum: 17a1fbfb3
INFO: [Opt 31-389] Phase Post Processing Netlist created 0 cells and removed 0 cells

Phase 9 Finalization

Phase 9.1 Finalizing Design Cores and Updating Shapes
Phase 9.1 Finalizing Design Cores and Updating Shapes | Checksum: 17b7252bd

Time (s): cpu = 00:00:00 ; elapsed = 00:00:00.052 . Memory (MB): peak = 2007.926 ; gain = 0.000

Phase 9.2 Verifying Netlist Connectivity

Starting Connectivity Check Task

Time (s): cpu = 00:00:00 ; elapsed = 00:00:00 . Memory (MB): peak = 2007.926 ; gain = 0.000
Phase 9.2 Verifying Netlist Connectivity | Checksum: 17b7252bd

Time (s): cpu = 00:00:00 ; elapsed = 00:00:00.052 . Memory (MB): peak = 2007.926 ; gain = 0.000
Phase 9 Finalization | Checksum: 17b7252bd

Time (s): cpu = 00:00:00 ; elapsed = 00:00:00.052 . Memory (MB): peak = 2007.926 ; gain = 0.000
Opt_design Change Summary
=========================


-------------------------------------------------------------------------------------------------------------------------
|  Phase                        |  #Cells created  |  #Cells Removed  |  #Constrained objects preventing optimizations  |
-------------------------------------------------------------------------------------------------------------------------
|  Retarget                     |               0  |               0  |                                              0  |
|  Constant propagation         |               0  |               0  |                                              0  |
|  Sweep                        |              14  |               0  |                                              0  |
|  BUFG optimization            |               0  |               0  |                                              0  |
|  Shift Register Optimization  |               0  |               0  |                                              0  |
|  Post Processing Netlist      |               0  |               0  |                                              0  |
-------------------------------------------------------------------------------------------------------------------------


Ending Logic Optimization Task | Checksum: 17b7252bd

Time (s): cpu = 00:00:00 ; elapsed = 00:00:00.053 . Memory (MB): peak = 2007.926 ; gain = 0.000
INFO: [Constraints 18-11670] Building netlist checker database with flags, 0x8
Done building netlist checker database: Time (s): cpu = 00:00:00 ; elapsed = 00:00:00 . Memory (MB): peak = 2007.926 ; gain = 0.000

Starting Power Optimization Task
INFO: [Pwropt 34-132] Skipping clock gating for clocks with a period < 2.00 ns.
Ending Power Optimization Task | Checksum: 17b7252bd

Time (s): cpu = 00:00:00 ; elapsed = 00:00:00.004 . Memory (MB): peak = 2007.926 ; gain = 0.000

Starting Final Cleanup Task
Ending Final Cleanup Task | Checksum: 17b7252bd

Time (s): cpu = 00:00:00 ; elapsed = 00:00:00 . Memory (MB): peak = 2007.926 ; gain = 0.000

Starting Netlist Obfuscation Task
Netlist sorting complete. Time (s): cpu = 00:00:00 ; elapsed = 00:00:00 . Memory (MB): peak = 2007.926 ; gain = 0.000
Ending Netlist Obfuscation Task | Checksum: 17b7252bd

Time (s): cpu = 00:00:00 ; elapsed = 00:00:00 . Memory (MB): peak = 2007.926 ; gain = 0.000
INFO: [Common 17-83] Releasing license: Implementation
25 Infos, 0 Warnings, 0 Critical Warnings and 0 Errors encountered.
opt_design completed successfully
opt_design: Time (s): cpu = 00:00:07 ; elapsed = 00:00:08 . Memory (MB): peak = 2007.926 ; gain = 934.742
INFO: [runtcl-4] Executing : report_drc -file MineSweepWrapper_drc_opted.rpt -pb MineSweepWrapper_drc_opted.pb -rpx MineSweepWrapper_drc_opted.rpx
Command: report_drc -file MineSweepWrapper_drc_opted.rpt -pb MineSweepWrapper_drc_opted.pb -rpx MineSweepWrapper_drc_opted.rpx
INFO: [IP_Flow 19-234] Refreshing IP repositories
INFO: [IP_Flow 19-1704] No user IP repositories specified
INFO: [IP_Flow 19-2313] Loaded Vivado IP repository 'C:/Xilinx/Vivado/2023.2/data/ip'.
INFO: [DRC 23-27] Running DRC with 2 threads
INFO: [Vivado_Tcl 2-168] The results of DRC are in file C:/Users/rbrin/Documents/GitHub/CPE-3020-VHDL_Design/Lab4_Mine_Sweep/Lab4_Mine_Sweep.runs/impl_1/MineSweepWrapper_drc_opted.rpt.
report_drc completed successfully
INFO: [Timing 38-480] Writing timing data to binary archive.
Write ShapeDB Complete: Time (s): cpu = 00:00:00 ; elapsed = 00:00:00 . Memory (MB): peak = 2007.926 ; gain = 0.000
Wrote PlaceDB: Time (s): cpu = 00:00:00 ; elapsed = 00:00:00.001 . Memory (MB): peak = 2007.926 ; gain = 0.000
Wrote PulsedLatchDB: Time (s): cpu = 00:00:00 ; elapsed = 00:00:00 . Memory (MB): peak = 2007.926 ; gain = 0.000
Writing XDEF routing.
Writing XDEF routing logical nets.
Writing XDEF routing special nets.
Wrote RouteStorage: Time (s): cpu = 00:00:00 ; elapsed = 00:00:00.011 . Memory (MB): peak = 2007.926 ; gain = 0.000
Wrote Netlist Cache: Time (s): cpu = 00:00:00 ; elapsed = 00:00:00 . Memory (MB): peak = 2007.926 ; gain = 0.000
Wrote Device Cache: Time (s): cpu = 00:00:00 ; elapsed = 00:00:00.004 . Memory (MB): peak = 2007.926 ; gain = 0.000
Write Physdb Complete: Time (s): cpu = 00:00:00 ; elapsed = 00:00:00.020 . Memory (MB): peak = 2007.926 ; gain = 0.000
INFO: [Common 17-1381] The checkpoint 'C:/Users/rbrin/Documents/GitHub/CPE-3020-VHDL_Design/Lab4_Mine_Sweep/Lab4_Mine_Sweep.runs/impl_1/MineSweepWrapper_opt.dcp' has been generated.
Command: place_design
Attempting to get a license for feature 'Implementation' and/or device 'xc7a35t'
INFO: [Common 17-349] Got license for feature 'Implementation' and/or device 'xc7a35t'
INFO: [Common 17-83] Releasing license: Implementation
INFO: [DRC 23-27] Running DRC with 2 threads
INFO: [Vivado_Tcl 4-198] DRC finished with 0 Errors
INFO: [Vivado_Tcl 4-199] Please refer to the DRC report (report_drc) for more information.
Running DRC as a precondition to command place_design
INFO: [DRC 23-27] Running DRC with 2 threads
INFO: [Vivado_Tcl 4-198] DRC finished with 0 Errors
INFO: [Vivado_Tcl 4-199] Please refer to the DRC report (report_drc) for more information.
INFO: [Place 30-611] Multithreading enabled for place_design using a maximum of 2 CPUs

Starting Placer Task

Phase 1 Placer Initialization

Phase 1.1 Placer Initialization Netlist Sorting
Netlist sorting complete. Time (s): cpu = 00:00:00 ; elapsed = 00:00:00 . Memory (MB): peak = 2007.926 ; gain = 0.000
Phase 1.1 Placer Initialization Netlist Sorting | Checksum: 14df82791

Time (s): cpu = 00:00:00 ; elapsed = 00:00:00.001 . Memory (MB): peak = 2007.926 ; gain = 0.000
Netlist sorting complete. Time (s): cpu = 00:00:00 ; elapsed = 00:00:00 . Memory (MB): peak = 2007.926 ; gain = 0.000

Phase 1.2 IO Placement/ Clock Placement/ Build Placer Device
INFO: [Timing 38-35] Done setting XDC timing constraints.
Phase 1.2 IO Placement/ Clock Placement/ Build Placer Device | Checksum: 10c3e36de

Time (s): cpu = 00:00:00 ; elapsed = 00:00:00.123 . Memory (MB): peak = 2007.926 ; gain = 0.000

Phase 1.3 Build Placer Netlist Model
Phase 1.3 Build Placer Netlist Model | Checksum: 2096ddb02

Time (s): cpu = 00:00:00 ; elapsed = 00:00:00.201 . Memory (MB): peak = 2007.926 ; gain = 0.000

Phase 1.4 Constrain Clocks/Macros
Phase 1.4 Constrain Clocks/Macros | Checksum: 2096ddb02

Time (s): cpu = 00:00:00 ; elapsed = 00:00:00.202 . Memory (MB): peak = 2007.926 ; gain = 0.000
Phase 1 Placer Initialization | Checksum: 2096ddb02

Time (s): cpu = 00:00:00 ; elapsed = 00:00:00.204 . Memory (MB): peak = 2007.926 ; gain = 0.000

Phase 2 Global Placement

Phase 2.1 Floorplanning
Phase 2.1 Floorplanning | Checksum: 20ab89d38

Time (s): cpu = 00:00:00 ; elapsed = 00:00:00.249 . Memory (MB): peak = 2007.926 ; gain = 0.000

Phase 2.2 Update Timing before SLR Path Opt
Phase 2.2 Update Timing before SLR Path Opt | Checksum: 149ae8d8f

Time (s): cpu = 00:00:00 ; elapsed = 00:00:00.287 . Memory (MB): peak = 2007.926 ; gain = 0.000

Phase 2.3 Post-Processing in Floorplanning
Phase 2.3 Post-Processing in Floorplanning | Checksum: 149ae8d8f

Time (s): cpu = 00:00:00 ; elapsed = 00:00:00.287 . Memory (MB): peak = 2007.926 ; gain = 0.000

Phase 2.4 Global Placement Core

Phase 2.4.1 UpdateTiming Before Physical Synthesis
Phase 2.4.1 UpdateTiming Before Physical Synthesis | Checksum: 14cec8355

Time (s): cpu = 00:00:00 ; elapsed = 00:00:00.541 . Memory (MB): peak = 2007.926 ; gain = 0.000

Phase 2.4.2 Physical Synthesis In Placer
INFO: [Physopt 32-1044] Break lutnm for timing: one critical 0, two critical 0, total 0, new lutff created 0
INFO: [Physopt 32-1138] End 1 Pass. Optimized 0 net or LUT. Breaked 0 LUT, combined 0 existing LUT and moved 0 existing LUT
INFO: [Physopt 32-65] No nets found for high-fanout optimization.
INFO: [Physopt 32-232] Optimized 0 net. Created 0 new instance.
INFO: [Physopt 32-775] End 1 Pass. Optimized 0 net or cell. Created 0 new cell, deleted 0 existing cell and moved 0 existing cell
INFO: [Physopt 32-670] No setup violation found.  DSP Register Optimization was not performed.
INFO: [Physopt 32-670] No setup violation found.  Shift Register to Pipeline Optimization was not performed.
INFO: [Physopt 32-670] No setup violation found.  Shift Register Optimization was not performed.
INFO: [Physopt 32-670] No setup violation found.  BRAM Register Optimization was not performed.
INFO: [Physopt 32-670] No setup violation found.  URAM Register Optimization was not performed.
INFO: [Physopt 32-949] No candidate nets found for dynamic/static region interface net replication
INFO: [Physopt 32-775] End 1 Pass. Optimized 0 net or cell. Created 0 new cell, deleted 0 existing cell and moved 0 existing cell
Netlist sorting complete. Time (s): cpu = 00:00:00 ; elapsed = 00:00:00 . Memory (MB): peak = 2007.926 ; gain = 0.000

Summary of Physical Synthesis Optimizations
============================================


-----------------------------------------------------------------------------------------------------------------------------------------------------------
|  Optimization                                     |  Added Cells  |  Removed Cells  |  Optimized Cells/Nets  |  Dont Touch  |  Iterations  |  Elapsed   |
-----------------------------------------------------------------------------------------------------------------------------------------------------------
|  LUT Combining                                    |            0  |              0  |                     0  |           0  |           1  |  00:00:00  |
|  Retime                                           |            0  |              0  |                     0  |           0  |           1  |  00:00:00  |
|  Very High Fanout                                 |            0  |              0  |                     0  |           0  |           1  |  00:00:00  |
|  DSP Register                                     |            0  |              0  |                     0  |           0  |           0  |  00:00:00  |
|  Shift Register to Pipeline                       |            0  |              0  |                     0  |           0  |           0  |  00:00:00  |
|  Shift Register                                   |            0  |              0  |                     0  |           0  |           0  |  00:00:00  |
|  BRAM Register                                    |            0  |              0  |                     0  |           0  |           0  |  00:00:00  |
|  URAM Register                                    |            0  |              0  |                     0  |           0  |           0  |  00:00:00  |
|  Dynamic/Static Region Interface Net Replication  |            0  |              0  |                     0  |           0  |           1  |  00:00:00  |
|  Total                                            |            0  |              0  |                     0  |           0  |           4  |  00:00:00  |
-----------------------------------------------------------------------------------------------------------------------------------------------------------


Phase 2.4.2 Physical Synthesis In Placer | Checksum: 14cec8355

Time (s): cpu = 00:00:00 ; elapsed = 00:00:00.563 . Memory (MB): peak = 2007.926 ; gain = 0.000
Phase 2.4 Global Placement Core | Checksum: 12d31e6c7

Time (s): cpu = 00:00:00 ; elapsed = 00:00:00.587 . Memory (MB): peak = 2007.926 ; gain = 0.000
Phase 2 Global Placement | Checksum: 12d31e6c7

Time (s): cpu = 00:00:00 ; elapsed = 00:00:00.588 . Memory (MB): peak = 2007.926 ; gain = 0.000

Phase 3 Detail Placement

Phase 3.1 Commit Multi Column Macros
Phase 3.1 Commit Multi Column Macros | Checksum: 12f7472e7

Time (s): cpu = 00:00:00 ; elapsed = 00:00:00.625 . Memory (MB): peak = 2007.926 ; gain = 0.000

Phase 3.2 Commit Most Macros & LUTRAMs
Phase 3.2 Commit Most Macros & LUTRAMs | Checksum: 1d11757c4

Time (s): cpu = 00:00:00 ; elapsed = 00:00:00.697 . Memory (MB): peak = 2007.926 ; gain = 0.000

Phase 3.3 Area Swap Optimization
Phase 3.3 Area Swap Optimization | Checksum: 1ba21875c

Time (s): cpu = 00:00:00 ; elapsed = 00:00:00.700 . Memory (MB): peak = 2007.926 ; gain = 0.000

Phase 3.4 Pipeline Register Optimization
Phase 3.4 Pipeline Register Optimization | Checksum: 1b3ff996b

Time (s): cpu = 00:00:00 ; elapsed = 00:00:00.700 . Memory (MB): peak = 2007.926 ; gain = 0.000

Phase 3.5 Small Shape Detail Placement
Phase 3.5 Small Shape Detail Placement | Checksum: 297d4d17c

Time (s): cpu = 00:00:00 ; elapsed = 00:00:00.782 . Memory (MB): peak = 2007.926 ; gain = 0.000

Phase 3.6 Re-assign LUT pins
Phase 3.6 Re-assign LUT pins | Checksum: 1b3563274

Time (s): cpu = 00:00:00 ; elapsed = 00:00:00.787 . Memory (MB): peak = 2007.926 ; gain = 0.000

Phase 3.7 Pipeline Register Optimization
Phase 3.7 Pipeline Register Optimization | Checksum: 1a1380465

Time (s): cpu = 00:00:00 ; elapsed = 00:00:00.790 . Memory (MB): peak = 2007.926 ; gain = 0.000
Phase 3 Detail Placement | Checksum: 1a1380465

Time (s): cpu = 00:00:00 ; elapsed = 00:00:00.790 . Memory (MB): peak = 2007.926 ; gain = 0.000

Phase 4 Post Placement Optimization and Clean-Up

Phase 4.1 Post Commit Optimization
INFO: [Timing 38-35] Done setting XDC timing constraints.

Phase 4.1.1 Post Placement Optimization
Post Placement Optimization Initialization | Checksum: 1a9698a5c

Phase 4.1.1.1 BUFG Insertion

Starting Physical Synthesis Task

Phase 1 Physical Synthesis Initialization
INFO: [Physopt 32-721] Multithreading enabled for phys_opt_design using a maximum of 2 CPUs
INFO: [Physopt 32-619] Estimated Timing Summary | WNS=6.213 | TNS=0.000 |
Phase 1 Physical Synthesis Initialization | Checksum: f84ac064

Time (s): cpu = 00:00:00 ; elapsed = 00:00:00.009 . Memory (MB): peak = 2007.926 ; gain = 0.000
INFO: [Place 46-56] BUFG insertion identified 0 candidate nets. Inserted BUFG: 0, Replicated BUFG Driver: 0, Skipped due to Placement/Routing Conflicts: 0, Skipped due to Timing Degradation: 0, Skipped due to netlist editing failed: 0.
Ending Physical Synthesis Task | Checksum: f84ac064

Time (s): cpu = 00:00:00 ; elapsed = 00:00:00.010 . Memory (MB): peak = 2007.926 ; gain = 0.000
Phase 4.1.1.1 BUFG Insertion | Checksum: 1a9698a5c

Time (s): cpu = 00:00:00 ; elapsed = 00:00:00.869 . Memory (MB): peak = 2007.926 ; gain = 0.000

Phase 4.1.1.2 Post Placement Timing Optimization
INFO: [Place 30-746] Post Placement Timing Summary WNS=6.213. For the most accurate timing information please run report_timing.
Phase 4.1.1.2 Post Placement Timing Optimization | Checksum: 1c25e4c44

Time (s): cpu = 00:00:00 ; elapsed = 00:00:00.872 . Memory (MB): peak = 2007.926 ; gain = 0.000

Time (s): cpu = 00:00:00 ; elapsed = 00:00:00.873 . Memory (MB): peak = 2007.926 ; gain = 0.000
Phase 4.1 Post Commit Optimization | Checksum: 1c25e4c44

Time (s): cpu = 00:00:00 ; elapsed = 00:00:00.874 . Memory (MB): peak = 2007.926 ; gain = 0.000

Phase 4.2 Post Placement Cleanup
Phase 4.2 Post Placement Cleanup | Checksum: 1c25e4c44

Time (s): cpu = 00:00:00 ; elapsed = 00:00:00.877 . Memory (MB): peak = 2007.926 ; gain = 0.000

Phase 4.3 Placer Reporting

Phase 4.3.1 Print Estimated Congestion
INFO: [Place 30-612] Post-Placement Estimated Congestion 
 ____________________________________________________
|           | Global Congestion | Short Congestion  |
| Direction | Region Size       | Region Size       |
|___________|___________________|___________________|
|      North|                1x1|                1x1|
|___________|___________________|___________________|
|      South|                1x1|                1x1|
|___________|___________________|___________________|
|       East|                1x1|                1x1|
|___________|___________________|___________________|
|       West|                1x1|                1x1|
|___________|___________________|___________________|

Phase 4.3.1 Print Estimated Congestion | Checksum: 1c25e4c44

Time (s): cpu = 00:00:00 ; elapsed = 00:00:00.878 . Memory (MB): peak = 2007.926 ; gain = 0.000
Phase 4.3 Placer Reporting | Checksum: 1c25e4c44

Time (s): cpu = 00:00:00 ; elapsed = 00:00:00.878 . Memory (MB): peak = 2007.926 ; gain = 0.000

Phase 4.4 Final Placement Cleanup
Netlist sorting complete. Time (s): cpu = 00:00:00 ; elapsed = 00:00:00 . Memory (MB): peak = 2007.926 ; gain = 0.000

Time (s): cpu = 00:00:00 ; elapsed = 00:00:00.882 . Memory (MB): peak = 2007.926 ; gain = 0.000
Phase 4 Post Placement Optimization and Clean-Up | Checksum: 183948edf

Time (s): cpu = 00:00:00 ; elapsed = 00:00:00.883 . Memory (MB): peak = 2007.926 ; gain = 0.000
Ending Placer Task | Checksum: 8c06d7d3

Time (s): cpu = 00:00:00 ; elapsed = 00:00:00.884 . Memory (MB): peak = 2007.926 ; gain = 0.000
61 Infos, 0 Warnings, 0 Critical Warnings and 0 Errors encountered.
place_design completed successfully
INFO: [runtcl-4] Executing : report_io -file MineSweepWrapper_io_placed.rpt
report_io: Time (s): cpu = 00:00:00 ; elapsed = 00:00:00.027 . Memory (MB): peak = 2007.926 ; gain = 0.000
INFO: [runtcl-4] Executing : report_utilization -file MineSweepWrapper_utilization_placed.rpt -pb MineSweepWrapper_utilization_placed.pb
INFO: [runtcl-4] Executing : report_control_sets -verbose -file MineSweepWrapper_control_sets_placed.rpt
report_control_sets: Time (s): cpu = 00:00:00 ; elapsed = 00:00:00.002 . Memory (MB): peak = 2007.926 ; gain = 0.000
INFO: [Timing 38-480] Writing timing data to binary archive.
Write ShapeDB Complete: Time (s): cpu = 00:00:00 ; elapsed = 00:00:00.003 . Memory (MB): peak = 2007.926 ; gain = 0.000
Wrote PlaceDB: Time (s): cpu = 00:00:00 ; elapsed = 00:00:00.010 . Memory (MB): peak = 2007.926 ; gain = 0.000
Wrote PulsedLatchDB: Time (s): cpu = 00:00:00 ; elapsed = 00:00:00.001 . Memory (MB): peak = 2007.926 ; gain = 0.000
Writing XDEF routing.
Writing XDEF routing logical nets.
Writing XDEF routing special nets.
Wrote RouteStorage: Time (s): cpu = 00:00:00 ; elapsed = 00:00:00.011 . Memory (MB): peak = 2007.926 ; gain = 0.000
Wrote Netlist Cache: Time (s): cpu = 00:00:00 ; elapsed = 00:00:00.001 . Memory (MB): peak = 2007.926 ; gain = 0.000
Wrote Device Cache: Time (s): cpu = 00:00:00 ; elapsed = 00:00:00.004 . Memory (MB): peak = 2007.926 ; gain = 0.000
Write Physdb Complete: Time (s): cpu = 00:00:00 ; elapsed = 00:00:00.030 . Memory (MB): peak = 2007.926 ; gain = 0.000
INFO: [Common 17-1381] The checkpoint 'C:/Users/rbrin/Documents/GitHub/CPE-3020-VHDL_Design/Lab4_Mine_Sweep/Lab4_Mine_Sweep.runs/impl_1/MineSweepWrapper_placed.dcp' has been generated.
Command: phys_opt_design
Attempting to get a license for feature 'Implementation' and/or device 'xc7a35t'
INFO: [Common 17-349] Got license for feature 'Implementation' and/or device 'xc7a35t'

Starting Initial Update Timing Task

Time (s): cpu = 00:00:00 ; elapsed = 00:00:00.026 . Memory (MB): peak = 2007.926 ; gain = 0.000
INFO: [Vivado_Tcl 4-383] Design worst setup slack (WNS) is greater than or equal to 0.000 ns. Skipping all physical synthesis optimizations.
INFO: [Vivado_Tcl 4-232] No setup violation found. The netlist was not modified.
INFO: [Common 17-83] Releasing license: Implementation
70 Infos, 0 Warnings, 0 Critical Warnings and 0 Errors encountered.
phys_opt_design completed successfully
INFO: [Timing 38-480] Writing timing data to binary archive.
Write ShapeDB Complete: Time (s): cpu = 00:00:00 ; elapsed = 00:00:00.002 . Memory (MB): peak = 2024.605 ; gain = 0.008
Wrote PlaceDB: Time (s): cpu = 00:00:00 ; elapsed = 00:00:00.010 . Memory (MB): peak = 2024.605 ; gain = 0.000
Wrote PulsedLatchDB: Time (s): cpu = 00:00:00 ; elapsed = 00:00:00 . Memory (MB): peak = 2024.605 ; gain = 0.000
Writing XDEF routing.
Writing XDEF routing logical nets.
Writing XDEF routing special nets.
Wrote RouteStorage: Time (s): cpu = 00:00:00 ; elapsed = 00:00:00.012 . Memory (MB): peak = 2024.605 ; gain = 0.000
Wrote Netlist Cache: Time (s): cpu = 00:00:00 ; elapsed = 00:00:00 . Memory (MB): peak = 2024.605 ; gain = 0.000
Wrote Device Cache: Time (s): cpu = 00:00:00 ; elapsed = 00:00:00.004 . Memory (MB): peak = 2024.605 ; gain = 0.000
Write Physdb Complete: Time (s): cpu = 00:00:00 ; elapsed = 00:00:00.032 . Memory (MB): peak = 2024.605 ; gain = 0.008
INFO: [Common 17-1381] The checkpoint 'C:/Users/rbrin/Documents/GitHub/CPE-3020-VHDL_Design/Lab4_Mine_Sweep/Lab4_Mine_Sweep.runs/impl_1/MineSweepWrapper_physopt.dcp' has been generated.
Command: route_design
Attempting to get a license for feature 'Implementation' and/or device 'xc7a35t'
INFO: [Common 17-349] Got license for feature 'Implementation' and/or device 'xc7a35t'
Running DRC as a precondition to command route_design
INFO: [DRC 23-27] Running DRC with 2 threads
INFO: [Vivado_Tcl 4-198] DRC finished with 0 Errors
INFO: [Vivado_Tcl 4-199] Please refer to the DRC report (report_drc) for more information.


Starting Routing Task
INFO: [Route 35-254] Multithreading enabled for route_design using a maximum of 8 CPUs

Phase 1 Build RT Design
Checksum: PlaceDB: 62f65ec ConstDB: 0 ShapeSum: 85d771e7 RouteDB: 0
Post Restoration Checksum: NetGraph: de8a5e9e | NumContArr: 92054d13 | Constraints: c2a8fa9d | Timing: c2a8fa9d
Phase 1 Build RT Design | Checksum: 2f5e1a0eb

Time (s): cpu = 00:00:13 ; elapsed = 00:00:12 . Memory (MB): peak = 2130.773 ; gain = 94.129

Phase 2 Router Initialization

Phase 2.1 Fix Topology Constraints
Phase 2.1 Fix Topology Constraints | Checksum: 2f5e1a0eb

Time (s): cpu = 00:00:13 ; elapsed = 00:00:12 . Memory (MB): peak = 2130.875 ; gain = 94.230

Phase 2.2 Pre Route Cleanup
Phase 2.2 Pre Route Cleanup | Checksum: 2f5e1a0eb

Time (s): cpu = 00:00:13 ; elapsed = 00:00:12 . Memory (MB): peak = 2130.875 ; gain = 94.230
 Number of Nodes with overlaps = 0

Phase 2.3 Update Timing
Phase 2.3 Update Timing | Checksum: 1ec069ae1

Time (s): cpu = 00:00:13 ; elapsed = 00:00:12 . Memory (MB): peak = 2170.828 ; gain = 134.184
INFO: [Route 35-416] Intermediate Timing Summary | WNS=6.534  | TNS=0.000  | WHS=-0.077 | THS=-0.731 |


Router Utilization Summary
  Global Vertical Routing Utilization    = 0.00996572 %
  Global Horizontal Routing Utilization  = 0.0106715 %
  Routable Net Status*
  *Does not include unroutable nets such as driverless and loadless.
  Run report_route_status for detailed report.
  Number of Failed Nets               = 91
    (Failed Nets is the sum of unrouted and partially routed nets)
  Number of Unrouted Nets             = 71
  Number of Partially Routed Nets     = 20
  Number of Node Overlaps             = 165

Phase 2 Router Initialization | Checksum: 17156f857

Time (s): cpu = 00:00:13 ; elapsed = 00:00:12 . Memory (MB): peak = 2179.523 ; gain = 142.879

Phase 3 Initial Routing

Phase 3.1 Global Routing
Phase 3.1 Global Routing | Checksum: 17156f857

Time (s): cpu = 00:00:13 ; elapsed = 00:00:12 . Memory (MB): peak = 2179.523 ; gain = 142.879

Phase 3.2 Initial Net Routing
Phase 3.2 Initial Net Routing | Checksum: 203d2c24e

Time (s): cpu = 00:00:13 ; elapsed = 00:00:12 . Memory (MB): peak = 2179.523 ; gain = 142.879
Phase 3 Initial Routing | Checksum: 203d2c24e

Time (s): cpu = 00:00:13 ; elapsed = 00:00:12 . Memory (MB): peak = 2179.523 ; gain = 142.879

Phase 4 Rip-up And Reroute

Phase 4.1 Global Iteration 0
 Number of Nodes with overlaps = 6
 Number of Nodes with overlaps = 0
INFO: [Route 35-416] Intermediate Timing Summary | WNS=5.912  | TNS=0.000  | WHS=N/A    | THS=N/A    |

Phase 4.1 Global Iteration 0 | Checksum: 1a7a1cf07

Time (s): cpu = 00:00:13 ; elapsed = 00:00:12 . Memory (MB): peak = 2179.523 ; gain = 142.879
Phase 4 Rip-up And Reroute | Checksum: 1a7a1cf07

Time (s): cpu = 00:00:13 ; elapsed = 00:00:12 . Memory (MB): peak = 2179.523 ; gain = 142.879

Phase 5 Delay and Skew Optimization

Phase 5.1 Delay CleanUp
Phase 5.1 Delay CleanUp | Checksum: 1a7a1cf07

Time (s): cpu = 00:00:13 ; elapsed = 00:00:12 . Memory (MB): peak = 2179.523 ; gain = 142.879

Phase 5.2 Clock Skew Optimization
Phase 5.2 Clock Skew Optimization | Checksum: 1a7a1cf07

Time (s): cpu = 00:00:13 ; elapsed = 00:00:12 . Memory (MB): peak = 2179.523 ; gain = 142.879
Phase 5 Delay and Skew Optimization | Checksum: 1a7a1cf07

Time (s): cpu = 00:00:13 ; elapsed = 00:00:12 . Memory (MB): peak = 2179.523 ; gain = 142.879

Phase 6 Post Hold Fix

Phase 6.1 Hold Fix Iter

Phase 6.1.1 Update Timing
Phase 6.1.1 Update Timing | Checksum: 17acb257d

Time (s): cpu = 00:00:13 ; elapsed = 00:00:12 . Memory (MB): peak = 2179.523 ; gain = 142.879
INFO: [Route 35-416] Intermediate Timing Summary | WNS=5.991  | TNS=0.000  | WHS=0.200  | THS=0.000  |

Phase 6.1 Hold Fix Iter | Checksum: 17acb257d

Time (s): cpu = 00:00:13 ; elapsed = 00:00:12 . Memory (MB): peak = 2179.523 ; gain = 142.879
Phase 6 Post Hold Fix | Checksum: 17acb257d

Time (s): cpu = 00:00:13 ; elapsed = 00:00:12 . Memory (MB): peak = 2179.523 ; gain = 142.879

Phase 7 Route finalize

Router Utilization Summary
  Global Vertical Routing Utilization    = 0.0780515 %
  Global Horizontal Routing Utilization  = 0.0987767 %
  Routable Net Status*
  *Does not include unroutable nets such as driverless and loadless.
  Run report_route_status for detailed report.
  Number of Failed Nets               = 0
    (Failed Nets is the sum of unrouted and partially routed nets)
  Number of Unrouted Nets             = 0
  Number of Partially Routed Nets     = 0
  Number of Node Overlaps             = 0

Phase 7 Route finalize | Checksum: 17acb257d

Time (s): cpu = 00:00:13 ; elapsed = 00:00:12 . Memory (MB): peak = 2179.523 ; gain = 142.879

Phase 8 Verifying routed nets

 Verification completed successfully
Phase 8 Verifying routed nets | Checksum: 17acb257d

Time (s): cpu = 00:00:13 ; elapsed = 00:00:12 . Memory (MB): peak = 2179.523 ; gain = 142.879

Phase 9 Depositing Routes
Phase 9 Depositing Routes | Checksum: 2232f2a1d

Time (s): cpu = 00:00:13 ; elapsed = 00:00:12 . Memory (MB): peak = 2179.523 ; gain = 142.879

Phase 10 Post Router Timing
INFO: [Route 35-57] Estimated Timing Summary | WNS=5.991  | TNS=0.000  | WHS=0.200  | THS=0.000  |

INFO: [Route 35-327] The final timing numbers are based on the router estimated timing analysis. For a complete and accurate timing signoff, please run report_timing_summary.
Phase 10 Post Router Timing | Checksum: 2232f2a1d

Time (s): cpu = 00:00:13 ; elapsed = 00:00:12 . Memory (MB): peak = 2179.523 ; gain = 142.879
INFO: [Route 35-16] Router Completed Successfully

Phase 11 Post-Route Event Processing
Phase 11 Post-Route Event Processing | Checksum: 1ae7ebb88

Time (s): cpu = 00:00:13 ; elapsed = 00:00:12 . Memory (MB): peak = 2179.523 ; gain = 142.879
Ending Routing Task | Checksum: 1ae7ebb88

Time (s): cpu = 00:00:13 ; elapsed = 00:00:12 . Memory (MB): peak = 2179.523 ; gain = 142.879

Routing Is Done.
INFO: [Common 17-83] Releasing license: Implementation
84 Infos, 0 Warnings, 0 Critical Warnings and 0 Errors encountered.
route_design completed successfully
route_design: Time (s): cpu = 00:00:13 ; elapsed = 00:00:13 . Memory (MB): peak = 2179.523 ; gain = 154.918
INFO: [runtcl-4] Executing : report_drc -file MineSweepWrapper_drc_routed.rpt -pb MineSweepWrapper_drc_routed.pb -rpx MineSweepWrapper_drc_routed.rpx
Command: report_drc -file MineSweepWrapper_drc_routed.rpt -pb MineSweepWrapper_drc_routed.pb -rpx MineSweepWrapper_drc_routed.rpx
INFO: [IP_Flow 19-1839] IP Catalog is up to date.
INFO: [DRC 23-27] Running DRC with 2 threads
INFO: [Vivado_Tcl 2-168] The results of DRC are in file C:/Users/rbrin/Documents/GitHub/CPE-3020-VHDL_Design/Lab4_Mine_Sweep/Lab4_Mine_Sweep.runs/impl_1/MineSweepWrapper_drc_routed.rpt.
report_drc completed successfully
INFO: [runtcl-4] Executing : report_methodology -file MineSweepWrapper_methodology_drc_routed.rpt -pb MineSweepWrapper_methodology_drc_routed.pb -rpx MineSweepWrapper_methodology_drc_routed.rpx
Command: report_methodology -file MineSweepWrapper_methodology_drc_routed.rpt -pb MineSweepWrapper_methodology_drc_routed.pb -rpx MineSweepWrapper_methodology_drc_routed.rpx
INFO: [Timing 38-35] Done setting XDC timing constraints.
INFO: [DRC 23-133] Running Methodology with 2 threads
INFO: [Vivado_Tcl 2-1520] The results of Report Methodology are in file C:/Users/rbrin/Documents/GitHub/CPE-3020-VHDL_Design/Lab4_Mine_Sweep/Lab4_Mine_Sweep.runs/impl_1/MineSweepWrapper_methodology_drc_routed.rpt.
report_methodology completed successfully
INFO: [runtcl-4] Executing : report_power -file MineSweepWrapper_power_routed.rpt -pb MineSweepWrapper_power_summary_routed.pb -rpx MineSweepWrapper_power_routed.rpx
Command: report_power -file MineSweepWrapper_power_routed.rpt -pb MineSweepWrapper_power_summary_routed.pb -rpx MineSweepWrapper_power_routed.rpx
INFO: [Timing 38-35] Done setting XDC timing constraints.
Running Vector-less Activity Propagation...

Finished Running Vector-less Activity Propagation
94 Infos, 0 Warnings, 0 Critical Warnings and 0 Errors encountered.
report_power completed successfully
INFO: [runtcl-4] Executing : report_route_status -file MineSweepWrapper_route_status.rpt -pb MineSweepWrapper_route_status.pb
INFO: [runtcl-4] Executing : report_timing_summary -max_paths 10 -report_unconstrained -file MineSweepWrapper_timing_summary_routed.rpt -pb MineSweepWrapper_timing_summary_routed.pb -rpx MineSweepWrapper_timing_summary_routed.rpx -warn_on_violation 
INFO: [Timing 38-91] UpdateTimingParams: Speed grade: -1, Delay Type: min_max.
INFO: [Timing 38-191] Multithreading enabled for timing update using a maximum of 2 CPUs
INFO: [runtcl-4] Executing : report_incremental_reuse -file MineSweepWrapper_incremental_reuse_routed.rpt
INFO: [Vivado_Tcl 4-1062] Incremental flow is disabled. No incremental reuse Info to report.
INFO: [runtcl-4] Executing : report_clock_utilization -file MineSweepWrapper_clock_utilization_routed.rpt
INFO: [runtcl-4] Executing : report_bus_skew -warn_on_violation -file MineSweepWrapper_bus_skew_routed.rpt -pb MineSweepWrapper_bus_skew_routed.pb -rpx MineSweepWrapper_bus_skew_routed.rpx
INFO: [Timing 38-91] UpdateTimingParams: Speed grade: -1, Delay Type: min_max.
INFO: [Timing 38-191] Multithreading enabled for timing update using a maximum of 2 CPUs
INFO: [Timing 38-480] Writing timing data to binary archive.
Write ShapeDB Complete: Time (s): cpu = 00:00:00 ; elapsed = 00:00:00.001 . Memory (MB): peak = 2180.133 ; gain = 0.000
Wrote PlaceDB: Time (s): cpu = 00:00:00 ; elapsed = 00:00:00.007 . Memory (MB): peak = 2180.133 ; gain = 0.000
Wrote PulsedLatchDB: Time (s): cpu = 00:00:00 ; elapsed = 00:00:00 . Memory (MB): peak = 2180.133 ; gain = 0.000
Writing XDEF routing.
Writing XDEF routing logical nets.
Writing XDEF routing special nets.
Wrote RouteStorage: Time (s): cpu = 00:00:00 ; elapsed = 00:00:00.012 . Memory (MB): peak = 2180.133 ; gain = 0.000
Wrote Netlist Cache: Time (s): cpu = 00:00:00 ; elapsed = 00:00:00 . Memory (MB): peak = 2180.133 ; gain = 0.000
Wrote Device Cache: Time (s): cpu = 00:00:00 ; elapsed = 00:00:00.004 . Memory (MB): peak = 2180.133 ; gain = 0.000
Write Physdb Complete: Time (s): cpu = 00:00:00 ; elapsed = 00:00:00.027 . Memory (MB): peak = 2180.133 ; gain = 0.000
INFO: [Common 17-1381] The checkpoint 'C:/Users/rbrin/Documents/GitHub/CPE-3020-VHDL_Design/Lab4_Mine_Sweep/Lab4_Mine_Sweep.runs/impl_1/MineSweepWrapper_routed.dcp' has been generated.
Command: write_bitstream -force MineSweepWrapper.bit
Attempting to get a license for feature 'Implementation' and/or device 'xc7a35t'
INFO: [Common 17-349] Got license for feature 'Implementation' and/or device 'xc7a35t'
Running DRC as a precondition to command write_bitstream
INFO: [IP_Flow 19-1839] IP Catalog is up to date.
INFO: [DRC 23-27] Running DRC with 2 threads
WARNING: [DRC PDRC-153] Gated clock check: Net MINESWEEP/moveTraker[0] is a gated clock net sourced by a combinational pin MINESWEEP/MOVE_FSM.moveTraker_reg[0]_i_2/O, cell MINESWEEP/MOVE_FSM.moveTraker_reg[0]_i_2. This is not good design practice and will likely impact performance. For SLICE registers, for example, use the CE pin to control the loading of data.
WARNING: [DRC PDRC-153] Gated clock check: Net MINESWEEP/moveTraker[10] is a gated clock net sourced by a combinational pin MINESWEEP/MOVE_FSM.moveTraker_reg[10]_i_2/O, cell MINESWEEP/MOVE_FSM.moveTraker_reg[10]_i_2. This is not good design practice and will likely impact performance. For SLICE registers, for example, use the CE pin to control the loading of data.
WARNING: [DRC PDRC-153] Gated clock check: Net MINESWEEP/moveTraker[11] is a gated clock net sourced by a combinational pin MINESWEEP/MOVE_FSM.moveTraker_reg[11]_i_2/O, cell MINESWEEP/MOVE_FSM.moveTraker_reg[11]_i_2. This is not good design practice and will likely impact performance. For SLICE registers, for example, use the CE pin to control the loading of data.
WARNING: [DRC PDRC-153] Gated clock check: Net MINESWEEP/moveTraker[12] is a gated clock net sourced by a combinational pin MINESWEEP/MOVE_FSM.moveTraker_reg[12]_i_2/O, cell MINESWEEP/MOVE_FSM.moveTraker_reg[12]_i_2. This is not good design practice and will likely impact performance. For SLICE registers, for example, use the CE pin to control the loading of data.
WARNING: [DRC PDRC-153] Gated clock check: Net MINESWEEP/moveTraker[13] is a gated clock net sourced by a combinational pin MINESWEEP/MOVE_FSM.moveTraker_reg[13]_i_2/O, cell MINESWEEP/MOVE_FSM.moveTraker_reg[13]_i_2. This is not good design practice and will likely impact performance. For SLICE registers, for example, use the CE pin to control the loading of data.
WARNING: [DRC PDRC-153] Gated clock check: Net MINESWEEP/moveTraker[14] is a gated clock net sourced by a combinational pin MINESWEEP/MOVE_FSM.moveTraker_reg[14]_i_2/O, cell MINESWEEP/MOVE_FSM.moveTraker_reg[14]_i_2. This is not good design practice and will likely impact performance. For SLICE registers, for example, use the CE pin to control the loading of data.
WARNING: [DRC PDRC-153] Gated clock check: Net MINESWEEP/moveTraker[15] is a gated clock net sourced by a combinational pin MINESWEEP/MOVE_FSM.moveTraker_reg[15]_i_2/O, cell MINESWEEP/MOVE_FSM.moveTraker_reg[15]_i_2. This is not good design practice and will likely impact performance. For SLICE registers, for example, use the CE pin to control the loading of data.
WARNING: [DRC PDRC-153] Gated clock check: Net MINESWEEP/moveTraker[1] is a gated clock net sourced by a combinational pin MINESWEEP/MOVE_FSM.moveTraker_reg[1]_i_2/O, cell MINESWEEP/MOVE_FSM.moveTraker_reg[1]_i_2. This is not good design practice and will likely impact performance. For SLICE registers, for example, use the CE pin to control the loading of data.
WARNING: [DRC PDRC-153] Gated clock check: Net MINESWEEP/moveTraker[2] is a gated clock net sourced by a combinational pin MINESWEEP/MOVE_FSM.moveTraker_reg[2]_i_2/O, cell MINESWEEP/MOVE_FSM.moveTraker_reg[2]_i_2. This is not good design practice and will likely impact performance. For SLICE registers, for example, use the CE pin to control the loading of data.
WARNING: [DRC PDRC-153] Gated clock check: Net MINESWEEP/moveTraker[3] is a gated clock net sourced by a combinational pin MINESWEEP/MOVE_FSM.moveTraker_reg[3]_i_2/O, cell MINESWEEP/MOVE_FSM.moveTraker_reg[3]_i_2. This is not good design practice and will likely impact performance. For SLICE registers, for example, use the CE pin to control the loading of data.
WARNING: [DRC PDRC-153] Gated clock check: Net MINESWEEP/moveTraker[4] is a gated clock net sourced by a combinational pin MINESWEEP/MOVE_FSM.moveTraker_reg[4]_i_2/O, cell MINESWEEP/MOVE_FSM.moveTraker_reg[4]_i_2. This is not good design practice and will likely impact performance. For SLICE registers, for example, use the CE pin to control the loading of data.
WARNING: [DRC PDRC-153] Gated clock check: Net MINESWEEP/moveTraker[5] is a gated clock net sourced by a combinational pin MINESWEEP/MOVE_FSM.moveTraker_reg[5]_i_2/O, cell MINESWEEP/MOVE_FSM.moveTraker_reg[5]_i_2. This is not good design practice and will likely impact performance. For SLICE registers, for example, use the CE pin to control the loading of data.
WARNING: [DRC PDRC-153] Gated clock check: Net MINESWEEP/moveTraker[6] is a gated clock net sourced by a combinational pin MINESWEEP/MOVE_FSM.moveTraker_reg[6]_i_2/O, cell MINESWEEP/MOVE_FSM.moveTraker_reg[6]_i_2. This is not good design practice and will likely impact performance. For SLICE registers, for example, use the CE pin to control the loading of data.
WARNING: [DRC PDRC-153] Gated clock check: Net MINESWEEP/moveTraker[7] is a gated clock net sourced by a combinational pin MINESWEEP/MOVE_FSM.moveTraker_reg[7]_i_2/O, cell MINESWEEP/MOVE_FSM.moveTraker_reg[7]_i_2. This is not good design practice and will likely impact performance. For SLICE registers, for example, use the CE pin to control the loading of data.
WARNING: [DRC PDRC-153] Gated clock check: Net MINESWEEP/moveTraker[8] is a gated clock net sourced by a combinational pin MINESWEEP/MOVE_FSM.moveTraker_reg[8]_i_2/O, cell MINESWEEP/MOVE_FSM.moveTraker_reg[8]_i_2. This is not good design practice and will likely impact performance. For SLICE registers, for example, use the CE pin to control the loading of data.
WARNING: [DRC PDRC-153] Gated clock check: Net MINESWEEP/moveTraker[9] is a gated clock net sourced by a combinational pin MINESWEEP/MOVE_FSM.moveTraker_reg[9]_i_2/O, cell MINESWEEP/MOVE_FSM.moveTraker_reg[9]_i_2. This is not good design practice and will likely impact performance. For SLICE registers, for example, use the CE pin to control the loading of data.
INFO: [Vivado 12-3199] DRC finished with 0 Errors, 16 Warnings
INFO: [Vivado 12-3200] Please refer to the DRC report (report_drc) for more information.
INFO: [Designutils 20-2272] Running write_bitstream with 2 threads.
Loading data files...
Loading site data...
Loading route data...
Processing options...
Creating bitmap...
Creating bitstream...
Bitstream compression saved 14799360 bits.
Writing bitstream ./MineSweepWrapper.bit...
INFO: [Vivado 12-1842] Bitgen Completed Successfully.
INFO: [Project 1-1876] WebTalk data collection is mandatory when using a ULT device. To see the specific WebTalk data collected for your design, open the usage_statistics_webtalk.html or usage_statistics_webtalk.xml file in the implementation directory.
INFO: [Common 17-83] Releasing license: Implementation
14 Infos, 16 Warnings, 0 Critical Warnings and 0 Errors encountered.
write_bitstream completed successfully
write_bitstream: Time (s): cpu = 00:00:06 ; elapsed = 00:00:07 . Memory (MB): peak = 2594.539 ; gain = 414.406
INFO: [Common 17-206] Exiting Vivado at Thu Apr 11 11:36:36 2024...
