Vivado Simulator v2023.2
Copyright 1986-2022 Xilinx, Inc. All Rights Reserved.
Copyright 2022-2023 Advanced Micro Devices, Inc. All Rights Reserved.
Running: C:/Xilinx/Vivado/2023.2/bin/unwrapped/win64.o/xelab.exe --incr --debug typical --relax --mt 2 -L xil_defaultlib -L secureip --snapshot MineSweep_TB_behav xil_defaultlib.MineSweep_TB -log elaborate.log 
Using 2 slave threads.
Starting static elaboration
Completed static elaboration
Starting simulation data flow analysis
Completed simulation data flow analysis
Time Resolution for simulation is 1ps
Compiling package std.standard
Compiling package std.textio
Compiling package ieee.std_logic_1164
Compiling package ieee.numeric_std
Compiling package std.env
Compiling package xil_defaultlib.minesweeppackage
Compiling architecture randomizer_arch of entity xil_defaultlib.Randomizer [randomizer_default]
Compiling architecture tiledriver_arch of entity xil_defaultlib.TileDriver [tiledriver_default]
Compiling architecture collisionchain_arch of entity xil_defaultlib.CollisionChain [collisionchain_default]
Compiling architecture movedetect_arch of entity xil_defaultlib.MoveDetect [movedetect_default]
Compiling architecture leveldetector_arch of entity xil_defaultlib.LevelDetector [leveldetector_default]
Compiling architecture cleartiles_arch of entity xil_defaultlib.ClearTiles [cleartiles_default]
Compiling architecture minesweep_arch of entity xil_defaultlib.MineSweep [minesweep_default]
Compiling architecture minesweep_tb_arch of entity xil_defaultlib.minesweep_tb
Built simulation snapshot MineSweep_TB_behav
