
*** Running vivado
    with args -log MineSweepWrapper.vds -m64 -product Vivado -mode batch -messageDb vivado.pb -notrace -source MineSweepWrapper.tcl



****** Vivado v2023.2 (64-bit)
  **** SW Build 4029153 on Fri Oct 13 20:14:34 MDT 2023
  **** IP Build 4028589 on Sat Oct 14 00:45:43 MDT 2023
  **** SharedData Build 4025554 on Tue Oct 10 17:18:54 MDT 2023
    ** Copyright 1986-2022 Xilinx, Inc. All Rights Reserved.
    ** Copyright 2022-2023 Advanced Micro Devices, Inc. All Rights Reserved.

source MineSweepWrapper.tcl -notrace
Command: read_checkpoint -auto_incremental -incremental C:/Users/rbrin/Documents/GitHub/CPE-3020-VHDL_Design/Lab4_Mine_Sweep_Part2/Lab4_Mine_Sweep_Part1.srcs/utils_1/imports/synth_1/MineSweepWrapper.dcp
INFO: [Vivado 12-5825] Read reference checkpoint from C:/Users/rbrin/Documents/GitHub/CPE-3020-VHDL_Design/Lab4_Mine_Sweep_Part2/Lab4_Mine_Sweep_Part1.srcs/utils_1/imports/synth_1/MineSweepWrapper.dcp for incremental synthesis
INFO: [Vivado 12-7989] Please ensure there are no constraint changes
Command: synth_design -top MineSweepWrapper -part xc7a35tcpg236-1
Starting synth_design
Attempting to get a license for feature 'Synthesis' and/or device 'xc7a35t'
INFO: [Common 17-349] Got license for feature 'Synthesis' and/or device 'xc7a35t'
INFO: [Device 21-403] Loading part xc7a35tcpg236-1
INFO: [Designutils 20-5440] No compile time benefit to using incremental synthesis; A full resynthesis will be run
INFO: [Designutils 20-4379] Flow is switching to default flow due to incremental criteria not met. If you would like to alter this behaviour and have the flow terminate instead, please set the following parameter config_implementation {autoIncr.Synth.RejectBehavior Terminate}
INFO: [Synth 8-7079] Multithreading enabled for synth_design using a maximum of 2 processes.
INFO: [Synth 8-7078] Launching helper process for spawning children vivado processes
INFO: [Synth 8-7075] Helper process launched with PID 928596
---------------------------------------------------------------------------------
Starting RTL Elaboration : Time (s): cpu = 00:00:03 ; elapsed = 00:00:04 . Memory (MB): peak = 1379.348 ; gain = 440.965
---------------------------------------------------------------------------------
INFO: [Synth 8-638] synthesizing module 'MineSweepWrapper' [C:/Users/rbrin/Documents/GitHub/CPE-3020-VHDL_Design/Lab4_Mine_Sweep_Part2/Lab4_Mine_Sweep_Part1.srcs/sources_1/imports/Sources/MineSweepWrapper.vhd:30]
INFO: [Synth 8-638] synthesizing module 'MineSweep' [C:/Users/rbrin/Documents/GitHub/CPE-3020-VHDL_Design/Lab4_Mine_Sweep_Part2/Lab4_Mine_Sweep_Part1.srcs/sources_1/imports/Sources/MineSweep.vhd:38]
INFO: [Synth 8-638] synthesizing module 'Randomizer' [C:/Users/rbrin/Documents/GitHub/CPE-3020-VHDL_Design/Lab4_Mine_Sweep_Part2/Lab4_Mine_Sweep_Part1.srcs/sources_1/imports/Sources/Randomizer.vhd:44]
INFO: [Synth 8-256] done synthesizing module 'Randomizer' (0#1) [C:/Users/rbrin/Documents/GitHub/CPE-3020-VHDL_Design/Lab4_Mine_Sweep_Part2/Lab4_Mine_Sweep_Part1.srcs/sources_1/imports/Sources/Randomizer.vhd:44]
INFO: [Synth 8-638] synthesizing module 'TileDriver' [C:/Users/rbrin/Documents/GitHub/CPE-3020-VHDL_Design/Lab4_Mine_Sweep_Part2/Lab4_Mine_Sweep_Part1.srcs/sources_1/imports/Sources/TileDriver.vhd:33]
INFO: [Synth 8-256] done synthesizing module 'TileDriver' (0#1) [C:/Users/rbrin/Documents/GitHub/CPE-3020-VHDL_Design/Lab4_Mine_Sweep_Part2/Lab4_Mine_Sweep_Part1.srcs/sources_1/imports/Sources/TileDriver.vhd:33]
INFO: [Synth 8-638] synthesizing module 'CollisionChain' [C:/Users/rbrin/Documents/GitHub/CPE-3020-VHDL_Design/Lab4_Mine_Sweep_Part2/Lab4_Mine_Sweep_Part1.srcs/sources_1/imports/Sources/CollisionChain.vhd:44]
INFO: [Synth 8-256] done synthesizing module 'CollisionChain' (0#1) [C:/Users/rbrin/Documents/GitHub/CPE-3020-VHDL_Design/Lab4_Mine_Sweep_Part2/Lab4_Mine_Sweep_Part1.srcs/sources_1/imports/Sources/CollisionChain.vhd:44]
INFO: [Synth 8-638] synthesizing module 'MoveDetect' [C:/Users/rbrin/Documents/GitHub/CPE-3020-VHDL_Design/Lab4_Mine_Sweep_Part2/Lab4_Mine_Sweep_Part1.srcs/sources_1/imports/Sources/MoveDetect.vhd:24]
INFO: [Synth 8-256] done synthesizing module 'MoveDetect' (0#1) [C:/Users/rbrin/Documents/GitHub/CPE-3020-VHDL_Design/Lab4_Mine_Sweep_Part2/Lab4_Mine_Sweep_Part1.srcs/sources_1/imports/Sources/MoveDetect.vhd:24]
INFO: [Synth 8-256] done synthesizing module 'MineSweep' (0#1) [C:/Users/rbrin/Documents/GitHub/CPE-3020-VHDL_Design/Lab4_Mine_Sweep_Part2/Lab4_Mine_Sweep_Part1.srcs/sources_1/imports/Sources/MineSweep.vhd:38]
INFO: [Synth 8-256] done synthesizing module 'MineSweepWrapper' (0#1) [C:/Users/rbrin/Documents/GitHub/CPE-3020-VHDL_Design/Lab4_Mine_Sweep_Part2/Lab4_Mine_Sweep_Part1.srcs/sources_1/imports/Sources/MineSweepWrapper.vhd:30]
---------------------------------------------------------------------------------
Finished RTL Elaboration : Time (s): cpu = 00:00:04 ; elapsed = 00:00:06 . Memory (MB): peak = 1492.527 ; gain = 554.145
---------------------------------------------------------------------------------
---------------------------------------------------------------------------------
Start Handling Custom Attributes
---------------------------------------------------------------------------------
---------------------------------------------------------------------------------
Finished Handling Custom Attributes : Time (s): cpu = 00:00:04 ; elapsed = 00:00:06 . Memory (MB): peak = 1492.527 ; gain = 554.145
---------------------------------------------------------------------------------
---------------------------------------------------------------------------------
Finished RTL Optimization Phase 1 : Time (s): cpu = 00:00:04 ; elapsed = 00:00:06 . Memory (MB): peak = 1492.527 ; gain = 554.145
---------------------------------------------------------------------------------
Netlist sorting complete. Time (s): cpu = 00:00:00 ; elapsed = 00:00:00.007 . Memory (MB): peak = 1492.527 ; gain = 0.000
INFO: [Project 1-570] Preparing netlist for logic optimization

Processing XDC Constraints
Initializing timing engine
Parsing XDC File [C:/Users/rbrin/Documents/GitHub/CPE-3020-VHDL_Design/Lab4_Mine_Sweep_Part2/Lab4_Mine_Sweep_Part1.srcs/constrs_1/imports/Lab4_Mine_Sweep_Part2/Basys-3-Master.xdc]
Finished Parsing XDC File [C:/Users/rbrin/Documents/GitHub/CPE-3020-VHDL_Design/Lab4_Mine_Sweep_Part2/Lab4_Mine_Sweep_Part1.srcs/constrs_1/imports/Lab4_Mine_Sweep_Part2/Basys-3-Master.xdc]
INFO: [Project 1-236] Implementation specific constraints were found while reading constraint file [C:/Users/rbrin/Documents/GitHub/CPE-3020-VHDL_Design/Lab4_Mine_Sweep_Part2/Lab4_Mine_Sweep_Part1.srcs/constrs_1/imports/Lab4_Mine_Sweep_Part2/Basys-3-Master.xdc]. These constraints will be ignored for synthesis but will be used in implementation. Impacted constraints are listed in the file [.Xil/MineSweepWrapper_propImpl.xdc].
Resolution: To avoid this warning, move constraints listed in [.Xil/MineSweepWrapper_propImpl.xdc] to another XDC file and exclude this new file from synthesis with the used_in_synthesis property (File Properties dialog in GUI) and re-run elaboration/synthesis.
Completed Processing XDC Constraints

Netlist sorting complete. Time (s): cpu = 00:00:00 ; elapsed = 00:00:00.001 . Memory (MB): peak = 1579.609 ; gain = 0.000
INFO: [Project 1-111] Unisim Transformation Summary:
No Unisim elements were transformed.

The system cannot find the path specified.
Constraint Validation Runtime : Time (s): cpu = 00:00:00 ; elapsed = 00:00:00.004 . Memory (MB): peak = 1579.609 ; gain = 0.000
INFO: [Designutils 20-5440] No compile time benefit to using incremental synthesis; A full resynthesis will be run
INFO: [Designutils 20-4379] Flow is switching to default flow due to incremental criteria not met. If you would like to alter this behaviour and have the flow terminate instead, please set the following parameter config_implementation {autoIncr.Synth.RejectBehavior Terminate}
---------------------------------------------------------------------------------
Finished Constraint Validation : Time (s): cpu = 00:00:09 ; elapsed = 00:00:13 . Memory (MB): peak = 1579.609 ; gain = 641.227
---------------------------------------------------------------------------------
---------------------------------------------------------------------------------
Start Loading Part and Timing Information
---------------------------------------------------------------------------------
Loading part: xc7a35tcpg236-1
---------------------------------------------------------------------------------
Finished Loading Part and Timing Information : Time (s): cpu = 00:00:09 ; elapsed = 00:00:13 . Memory (MB): peak = 1579.609 ; gain = 641.227
---------------------------------------------------------------------------------
---------------------------------------------------------------------------------
Start Applying 'set_property' XDC Constraints
---------------------------------------------------------------------------------
---------------------------------------------------------------------------------
Finished applying 'set_property' XDC Constraints : Time (s): cpu = 00:00:09 ; elapsed = 00:00:13 . Memory (MB): peak = 1579.609 ; gain = 641.227
---------------------------------------------------------------------------------
INFO: [Synth 8-802] inferred FSM for state register 'currState_reg' in module 'MoveDetect'
---------------------------------------------------------------------------------------------------
                   State |                     New Encoding |                Previous Encoding 
---------------------------------------------------------------------------------------------------
                 waiting |                               00 |                               00
                 playing |                               01 |                               01
            movedetected |                               10 |                               10
---------------------------------------------------------------------------------------------------
INFO: [Synth 8-3354] encoded FSM with state register 'currState_reg' using encoding 'sequential' in module 'MoveDetect'
WARNING: [Synth 8-327] inferring latch for variable 'MOVE_FSM.moveTraker_reg' [C:/Users/rbrin/Documents/GitHub/CPE-3020-VHDL_Design/Lab4_Mine_Sweep_Part2/Lab4_Mine_Sweep_Part1.srcs/sources_1/imports/Sources/MoveDetect.vhd:69]
---------------------------------------------------------------------------------
Finished RTL Optimization Phase 2 : Time (s): cpu = 00:00:09 ; elapsed = 00:00:14 . Memory (MB): peak = 1579.609 ; gain = 641.227
---------------------------------------------------------------------------------
---------------------------------------------------------------------------------
Start RTL Component Statistics 
---------------------------------------------------------------------------------
Detailed RTL Component Info : 
+---Adders : 
	   3 Input    6 Bit       Adders := 18    
	   2 Input    6 Bit       Adders := 12    
	   2 Input    5 Bit       Adders := 39    
	   4 Input    5 Bit       Adders := 18    
	   2 Input    2 Bit       Adders := 2     
	   2 Input    1 Bit       Adders := 1     
+---Registers : 
	               16 Bit    Registers := 3     
	                5 Bit    Registers := 12    
	                4 Bit    Registers := 16    
	                2 Bit    Registers := 3     
	                1 Bit    Registers := 5     
+---Muxes : 
	   2 Input   16 Bit        Muxes := 4     
	   3 Input   16 Bit        Muxes := 2     
	   2 Input    5 Bit        Muxes := 21    
	   2 Input    4 Bit        Muxes := 12    
	   2 Input    2 Bit        Muxes := 4     
	   3 Input    2 Bit        Muxes := 1     
	   2 Input    1 Bit        Muxes := 22    
	   3 Input    1 Bit        Muxes := 2     
---------------------------------------------------------------------------------
Finished RTL Component Statistics 
---------------------------------------------------------------------------------
---------------------------------------------------------------------------------
Start Part Resource Summary
---------------------------------------------------------------------------------
Part Resources:
DSPs: 90 (col length:60)
BRAMs: 100 (col length: RAMB18 60 RAMB36 30)
---------------------------------------------------------------------------------
Finished Part Resource Summary
---------------------------------------------------------------------------------
---------------------------------------------------------------------------------
Start Cross Boundary and Area Optimization
---------------------------------------------------------------------------------
WARNING: [Synth 8-7080] Parallel synthesis criteria is not met
---------------------------------------------------------------------------------
Finished Cross Boundary and Area Optimization : Time (s): cpu = 00:00:15 ; elapsed = 00:00:22 . Memory (MB): peak = 1579.609 ; gain = 641.227
---------------------------------------------------------------------------------
---------------------------------------------------------------------------------
Start Applying XDC Timing Constraints
---------------------------------------------------------------------------------
---------------------------------------------------------------------------------
Finished Applying XDC Timing Constraints : Time (s): cpu = 00:00:18 ; elapsed = 00:00:25 . Memory (MB): peak = 1579.609 ; gain = 641.227
---------------------------------------------------------------------------------
---------------------------------------------------------------------------------
Start Timing Optimization
---------------------------------------------------------------------------------
---------------------------------------------------------------------------------
Finished Timing Optimization : Time (s): cpu = 00:00:20 ; elapsed = 00:00:28 . Memory (MB): peak = 1579.609 ; gain = 641.227
---------------------------------------------------------------------------------
---------------------------------------------------------------------------------
Start Technology Mapping
---------------------------------------------------------------------------------
---------------------------------------------------------------------------------
Finished Technology Mapping : Time (s): cpu = 00:00:20 ; elapsed = 00:00:29 . Memory (MB): peak = 1579.609 ; gain = 641.227
---------------------------------------------------------------------------------
---------------------------------------------------------------------------------
Start IO Insertion
---------------------------------------------------------------------------------
---------------------------------------------------------------------------------
Start Flattening Before IO Insertion
---------------------------------------------------------------------------------
---------------------------------------------------------------------------------
Finished Flattening Before IO Insertion
---------------------------------------------------------------------------------
---------------------------------------------------------------------------------
Start Final Netlist Cleanup
---------------------------------------------------------------------------------
---------------------------------------------------------------------------------
Finished Final Netlist Cleanup
---------------------------------------------------------------------------------
---------------------------------------------------------------------------------
Finished IO Insertion : Time (s): cpu = 00:00:22 ; elapsed = 00:00:32 . Memory (MB): peak = 1580.059 ; gain = 641.676
---------------------------------------------------------------------------------
---------------------------------------------------------------------------------
Start Renaming Generated Instances
---------------------------------------------------------------------------------
---------------------------------------------------------------------------------
Finished Renaming Generated Instances : Time (s): cpu = 00:00:22 ; elapsed = 00:00:32 . Memory (MB): peak = 1580.059 ; gain = 641.676
---------------------------------------------------------------------------------
---------------------------------------------------------------------------------
Start Rebuilding User Hierarchy
---------------------------------------------------------------------------------
---------------------------------------------------------------------------------
Finished Rebuilding User Hierarchy : Time (s): cpu = 00:00:22 ; elapsed = 00:00:32 . Memory (MB): peak = 1580.059 ; gain = 641.676
---------------------------------------------------------------------------------
---------------------------------------------------------------------------------
Start Renaming Generated Ports
---------------------------------------------------------------------------------
---------------------------------------------------------------------------------
Finished Renaming Generated Ports : Time (s): cpu = 00:00:22 ; elapsed = 00:00:32 . Memory (MB): peak = 1580.059 ; gain = 641.676
---------------------------------------------------------------------------------
---------------------------------------------------------------------------------
Start Handling Custom Attributes
---------------------------------------------------------------------------------
---------------------------------------------------------------------------------
Finished Handling Custom Attributes : Time (s): cpu = 00:00:22 ; elapsed = 00:00:32 . Memory (MB): peak = 1580.059 ; gain = 641.676
---------------------------------------------------------------------------------
---------------------------------------------------------------------------------
Start Renaming Generated Nets
---------------------------------------------------------------------------------
---------------------------------------------------------------------------------
Finished Renaming Generated Nets : Time (s): cpu = 00:00:22 ; elapsed = 00:00:32 . Memory (MB): peak = 1580.059 ; gain = 641.676
---------------------------------------------------------------------------------
---------------------------------------------------------------------------------
Start ROM, RAM, DSP, Shift Register and Retiming Reporting
---------------------------------------------------------------------------------

Static Shift Register Report:
+-----------------+----------------------------------------------+--------+-------+--------------+--------------------+-------------------+--------+---------+
|Module Name      | RTL Name                                     | Length | Width | Reset Signal | Pull out first Reg | Pull out last Reg | SRL16E | SRLC32E | 
+-----------------+----------------------------------------------+--------+-------+--------------+--------------------+-------------------+--------+---------+
|MineSweepWrapper | MINESWEEP/MOVE_SYNC[0].SYNC.syncChain_reg[3] | 4      | 16    | YES          | NO                 | YES               | 16     | 0       | 
+-----------------+----------------------------------------------+--------+-------+--------------+--------------------+-------------------+--------+---------+

---------------------------------------------------------------------------------
Finished ROM, RAM, DSP, Shift Register and Retiming Reporting
---------------------------------------------------------------------------------
---------------------------------------------------------------------------------
Start Writing Synthesis Report
---------------------------------------------------------------------------------

Report BlackBoxes: 
+-+--------------+----------+
| |BlackBox name |Instances |
+-+--------------+----------+
+-+--------------+----------+

Report Cell Usage: 
+------+-------+------+
|      |Cell   |Count |
+------+-------+------+
|1     |BUFG   |     1|
|2     |CARRY4 |     4|
|3     |LUT1   |     4|
|4     |LUT2   |    58|
|5     |LUT3   |    76|
|6     |LUT4   |    58|
|7     |LUT5   |    56|
|8     |LUT6   |   227|
|9     |SRL16E |    16|
|10    |FDCE   |   121|
|11    |FDPE   |    16|
|12    |FDRE   |    16|
|13    |LD     |    16|
|14    |IBUF   |    18|
|15    |OBUF   |    16|
+------+-------+------+
---------------------------------------------------------------------------------
Finished Writing Synthesis Report : Time (s): cpu = 00:00:22 ; elapsed = 00:00:32 . Memory (MB): peak = 1580.059 ; gain = 641.676
---------------------------------------------------------------------------------
Synthesis finished with 0 errors, 0 critical warnings and 2 warnings.
Synthesis Optimization Runtime : Time (s): cpu = 00:00:17 ; elapsed = 00:00:30 . Memory (MB): peak = 1580.059 ; gain = 554.594
Synthesis Optimization Complete : Time (s): cpu = 00:00:22 ; elapsed = 00:00:32 . Memory (MB): peak = 1580.059 ; gain = 641.676
INFO: [Project 1-571] Translating synthesized netlist
Netlist sorting complete. Time (s): cpu = 00:00:00 ; elapsed = 00:00:00.006 . Memory (MB): peak = 1592.125 ; gain = 0.000
INFO: [Netlist 29-17] Analyzing 20 Unisim elements for replacement
INFO: [Netlist 29-28] Unisim Transformation completed in 0 CPU seconds
INFO: [Project 1-570] Preparing netlist for logic optimization
INFO: [Opt 31-138] Pushed 0 inverter(s) to 0 load pin(s).
Netlist sorting complete. Time (s): cpu = 00:00:00 ; elapsed = 00:00:00 . Memory (MB): peak = 1595.832 ; gain = 0.000
INFO: [Project 1-111] Unisim Transformation Summary:
  A total of 16 instances were transformed.
  LD => LDCE: 16 instances

The system cannot find the path specified.
Synth Design complete | Checksum: 1aec846c
INFO: [Common 17-83] Releasing license: Synthesis
35 Infos, 2 Warnings, 0 Critical Warnings and 0 Errors encountered.
synth_design completed successfully
synth_design: Time (s): cpu = 00:00:23 ; elapsed = 00:00:42 . Memory (MB): peak = 1595.832 ; gain = 1047.062
Write ShapeDB Complete: Time (s): cpu = 00:00:00 ; elapsed = 00:00:00.005 . Memory (MB): peak = 1595.832 ; gain = 0.000
INFO: [Common 17-1381] The checkpoint 'C:/Users/rbrin/Documents/GitHub/CPE-3020-VHDL_Design/Lab4_Mine_Sweep_Part2/Lab4_Mine_Sweep_Part1.runs/synth_1/MineSweepWrapper.dcp' has been generated.
INFO: [runtcl-4] Executing : report_utilization -file MineSweepWrapper_utilization_synth.rpt -pb MineSweepWrapper_utilization_synth.pb
INFO: [Common 17-206] Exiting Vivado at Tue Apr 23 09:17:21 2024...
