
*** Running vivado
    with args -log MineSweepWrapper.vdi -applog -m64 -product Vivado -messageDb vivado.pb -mode batch -source MineSweepWrapper.tcl -notrace



****** Vivado v2023.2 (64-bit)
  **** SW Build 4029153 on Fri Oct 13 20:14:34 MDT 2023
  **** IP Build 4028589 on Sat Oct 14 00:45:43 MDT 2023
  **** SharedData Build 4025554 on Tue Oct 10 17:18:54 MDT 2023
    ** Copyright 1986-2022 Xilinx, Inc. All Rights Reserved.
    ** Copyright 2022-2023 Advanced Micro Devices, Inc. All Rights Reserved.

source MineSweepWrapper.tcl -notrace
Command: link_design -top MineSweepWrapper -part xc7a35tcpg236-1
Design is defaulting to srcset: sources_1
Design is defaulting to constrset: constrs_1
INFO: [Device 21-403] Loading part xc7a35tcpg236-1
Netlist sorting complete. Time (s): cpu = 00:00:00 ; elapsed = 00:00:00.003 . Memory (MB): peak = 938.828 ; gain = 0.000
INFO: [Netlist 29-17] Analyzing 4 Unisim elements for replacement
INFO: [Netlist 29-28] Unisim Transformation completed in 0 CPU seconds
INFO: [Project 1-479] Netlist was created with Vivado 2023.2
INFO: [Project 1-570] Preparing netlist for logic optimization
Parsing XDC File [C:/Users/rbrin/Documents/GitHub/CPE-3020-VHDL_Design/Lab4_Mine_Sweep_Part2/Lab4_Mine_Sweep_Part1.srcs/constrs_1/imports/Lab4_Mine_Sweep_Part2/Basys-3-Master.xdc]
Finished Parsing XDC File [C:/Users/rbrin/Documents/GitHub/CPE-3020-VHDL_Design/Lab4_Mine_Sweep_Part2/Lab4_Mine_Sweep_Part1.srcs/constrs_1/imports/Lab4_Mine_Sweep_Part2/Basys-3-Master.xdc]
INFO: [Opt 31-138] Pushed 0 inverter(s) to 0 load pin(s).
Netlist sorting complete. Time (s): cpu = 00:00:00 ; elapsed = 00:00:00 . Memory (MB): peak = 1071.551 ; gain = 0.000
INFO: [Project 1-111] Unisim Transformation Summary:
No Unisim elements were transformed.

The system cannot find the path specified.
7 Infos, 0 Warnings, 0 Critical Warnings and 0 Errors encountered.
link_design completed successfully
Command: opt_design
Attempting to get a license for feature 'Implementation' and/or device 'xc7a35t'
INFO: [Common 17-349] Got license for feature 'Implementation' and/or device 'xc7a35t'
Running DRC as a precondition to command opt_design

Starting DRC Task
INFO: [DRC 23-27] Running DRC with 2 threads
INFO: [Project 1-461] DRC finished with 0 Errors
INFO: [Project 1-462] Please refer to the DRC report (report_drc) for more information.

Time (s): cpu = 00:00:01 ; elapsed = 00:00:00.795 . Memory (MB): peak = 1095.551 ; gain = 19.945

Starting Cache Timing Information Task
INFO: [Timing 38-35] Done setting XDC timing constraints.
Ending Cache Timing Information Task | Checksum: 19ac5b4a4

Time (s): cpu = 00:00:03 ; elapsed = 00:00:05 . Memory (MB): peak = 1644.473 ; gain = 548.922

Starting Logic Optimization Task

Phase 1 Initialization

Phase 1.1 Core Generation And Design Setup
Phase 1.1 Core Generation And Design Setup | Checksum: 19ac5b4a4

Time (s): cpu = 00:00:00 ; elapsed = 00:00:00.001 . Memory (MB): peak = 2011.227 ; gain = 0.000

Phase 1.2 Setup Constraints And Sort Netlist
Phase 1.2 Setup Constraints And Sort Netlist | Checksum: 19ac5b4a4

Time (s): cpu = 00:00:00 ; elapsed = 00:00:00.002 . Memory (MB): peak = 2011.227 ; gain = 0.000
Phase 1 Initialization | Checksum: 19ac5b4a4

Time (s): cpu = 00:00:00 ; elapsed = 00:00:00.002 . Memory (MB): peak = 2011.227 ; gain = 0.000

Phase 2 Timer Update And Timing Data Collection

Phase 2.1 Timer Update
Phase 2.1 Timer Update | Checksum: 19ac5b4a4

Time (s): cpu = 00:00:00 ; elapsed = 00:00:00.017 . Memory (MB): peak = 2011.227 ; gain = 0.000

Phase 2.2 Timing Data Collection
Phase 2.2 Timing Data Collection | Checksum: 19ac5b4a4

Time (s): cpu = 00:00:00 ; elapsed = 00:00:00.021 . Memory (MB): peak = 2011.227 ; gain = 0.000
Phase 2 Timer Update And Timing Data Collection | Checksum: 19ac5b4a4

Time (s): cpu = 00:00:00 ; elapsed = 00:00:00.021 . Memory (MB): peak = 2011.227 ; gain = 0.000

Phase 3 Retarget
INFO: [Opt 31-138] Pushed 0 inverter(s) to 0 load pin(s).
INFO: [Opt 31-49] Retargeted 0 cell(s).
Phase 3 Retarget | Checksum: 19ac5b4a4

Time (s): cpu = 00:00:00 ; elapsed = 00:00:00.030 . Memory (MB): peak = 2011.227 ; gain = 0.000
Retarget | Checksum: 19ac5b4a4
INFO: [Opt 31-389] Phase Retarget created 0 cells and removed 0 cells

Phase 4 Constant propagation
INFO: [Opt 31-138] Pushed 0 inverter(s) to 0 load pin(s).
Phase 4 Constant propagation | Checksum: 19ac5b4a4

Time (s): cpu = 00:00:00 ; elapsed = 00:00:00.034 . Memory (MB): peak = 2011.227 ; gain = 0.000
Constant propagation | Checksum: 19ac5b4a4
INFO: [Opt 31-389] Phase Constant propagation created 0 cells and removed 0 cells

Phase 5 Sweep
Phase 5 Sweep | Checksum: 152f77642

Time (s): cpu = 00:00:00 ; elapsed = 00:00:00.040 . Memory (MB): peak = 2011.227 ; gain = 0.000
Sweep | Checksum: 152f77642
INFO: [Opt 31-389] Phase Sweep created 0 cells and removed 0 cells

Phase 6 BUFG optimization
Phase 6 BUFG optimization | Checksum: 152f77642

Time (s): cpu = 00:00:00 ; elapsed = 00:00:00.078 . Memory (MB): peak = 2011.227 ; gain = 0.000
BUFG optimization | Checksum: 152f77642
INFO: [Opt 31-662] Phase BUFG optimization created 0 cells of which 0 are BUFGs and removed 0 cells.

Phase 7 Shift Register Optimization
INFO: [Opt 31-1064] SRL Remap converted 0 SRLs to 0 registers and converted 0 registers of register chains to 0 SRLs
Phase 7 Shift Register Optimization | Checksum: 152f77642

Time (s): cpu = 00:00:00 ; elapsed = 00:00:00.080 . Memory (MB): peak = 2011.227 ; gain = 0.000
Shift Register Optimization | Checksum: 152f77642
INFO: [Opt 31-389] Phase Shift Register Optimization created 0 cells and removed 0 cells

Phase 8 Post Processing Netlist
Phase 8 Post Processing Netlist | Checksum: 152f77642

Time (s): cpu = 00:00:00 ; elapsed = 00:00:00.081 . Memory (MB): peak = 2011.227 ; gain = 0.000
Post Processing Netlist | Checksum: 152f77642
INFO: [Opt 31-389] Phase Post Processing Netlist created 0 cells and removed 0 cells

Phase 9 Finalization

Phase 9.1 Finalizing Design Cores and Updating Shapes
Phase 9.1 Finalizing Design Cores and Updating Shapes | Checksum: 15eb60488

Time (s): cpu = 00:00:00 ; elapsed = 00:00:00.084 . Memory (MB): peak = 2011.227 ; gain = 0.000

Phase 9.2 Verifying Netlist Connectivity

Starting Connectivity Check Task

Time (s): cpu = 00:00:00 ; elapsed = 00:00:00.001 . Memory (MB): peak = 2011.227 ; gain = 0.000
Phase 9.2 Verifying Netlist Connectivity | Checksum: 15eb60488

Time (s): cpu = 00:00:00 ; elapsed = 00:00:00.085 . Memory (MB): peak = 2011.227 ; gain = 0.000
Phase 9 Finalization | Checksum: 15eb60488

Time (s): cpu = 00:00:00 ; elapsed = 00:00:00.086 . Memory (MB): peak = 2011.227 ; gain = 0.000
Opt_design Change Summary
=========================


-------------------------------------------------------------------------------------------------------------------------
|  Phase                        |  #Cells created  |  #Cells Removed  |  #Constrained objects preventing optimizations  |
-------------------------------------------------------------------------------------------------------------------------
|  Retarget                     |               0  |               0  |                                              0  |
|  Constant propagation         |               0  |               0  |                                              0  |
|  Sweep                        |               0  |               0  |                                              0  |
|  BUFG optimization            |               0  |               0  |                                              0  |
|  Shift Register Optimization  |               0  |               0  |                                              0  |
|  Post Processing Netlist      |               0  |               0  |                                              0  |
-------------------------------------------------------------------------------------------------------------------------


Ending Logic Optimization Task | Checksum: 15eb60488

Time (s): cpu = 00:00:00 ; elapsed = 00:00:00.087 . Memory (MB): peak = 2011.227 ; gain = 0.000
INFO: [Constraints 18-11670] Building netlist checker database with flags, 0x8
Done building netlist checker database: Time (s): cpu = 00:00:00 ; elapsed = 00:00:00 . Memory (MB): peak = 2011.227 ; gain = 0.000

Starting Power Optimization Task
INFO: [Pwropt 34-132] Skipping clock gating for clocks with a period < 2.00 ns.
Ending Power Optimization Task | Checksum: 15eb60488

Time (s): cpu = 00:00:00 ; elapsed = 00:00:00.005 . Memory (MB): peak = 2011.227 ; gain = 0.000

Starting Final Cleanup Task
Ending Final Cleanup Task | Checksum: 15eb60488

Time (s): cpu = 00:00:00 ; elapsed = 00:00:00 . Memory (MB): peak = 2011.227 ; gain = 0.000

Starting Netlist Obfuscation Task
Netlist sorting complete. Time (s): cpu = 00:00:00 ; elapsed = 00:00:00 . Memory (MB): peak = 2011.227 ; gain = 0.000
Ending Netlist Obfuscation Task | Checksum: 15eb60488

Time (s): cpu = 00:00:00 ; elapsed = 00:00:00 . Memory (MB): peak = 2011.227 ; gain = 0.000
INFO: [Common 17-83] Releasing license: Implementation
25 Infos, 0 Warnings, 0 Critical Warnings and 0 Errors encountered.
opt_design completed successfully
opt_design: Time (s): cpu = 00:00:06 ; elapsed = 00:00:08 . Memory (MB): peak = 2011.227 ; gain = 935.621
INFO: [runtcl-4] Executing : report_drc -file MineSweepWrapper_drc_opted.rpt -pb MineSweepWrapper_drc_opted.pb -rpx MineSweepWrapper_drc_opted.rpx
Command: report_drc -file MineSweepWrapper_drc_opted.rpt -pb MineSweepWrapper_drc_opted.pb -rpx MineSweepWrapper_drc_opted.rpx
INFO: [IP_Flow 19-234] Refreshing IP repositories
INFO: [IP_Flow 19-1704] No user IP repositories specified
INFO: [IP_Flow 19-2313] Loaded Vivado IP repository 'C:/Xilinx/Vivado/2023.2/data/ip'.
INFO: [DRC 23-27] Running DRC with 2 threads
INFO: [Vivado_Tcl 2-168] The results of DRC are in file C:/Users/rbrin/Documents/GitHub/CPE-3020-VHDL_Design/Lab4_Mine_Sweep_Part2/Lab4_Mine_Sweep_Part1.runs/impl_1/MineSweepWrapper_drc_opted.rpt.
report_drc completed successfully
INFO: [Timing 38-480] Writing timing data to binary archive.
Write ShapeDB Complete: Time (s): cpu = 00:00:00 ; elapsed = 00:00:00.002 . Memory (MB): peak = 2011.227 ; gain = 0.000
Wrote PlaceDB: Time (s): cpu = 00:00:00 ; elapsed = 00:00:00.002 . Memory (MB): peak = 2011.227 ; gain = 0.000
Wrote PulsedLatchDB: Time (s): cpu = 00:00:00 ; elapsed = 00:00:00 . Memory (MB): peak = 2011.227 ; gain = 0.000
Writing XDEF routing.
Writing XDEF routing logical nets.
Writing XDEF routing special nets.
Wrote RouteStorage: Time (s): cpu = 00:00:00 ; elapsed = 00:00:00.013 . Memory (MB): peak = 2011.227 ; gain = 0.000
Wrote Netlist Cache: Time (s): cpu = 00:00:00 ; elapsed = 00:00:00 . Memory (MB): peak = 2011.227 ; gain = 0.000
Wrote Device Cache: Time (s): cpu = 00:00:00 ; elapsed = 00:00:00.006 . Memory (MB): peak = 2011.227 ; gain = 0.000
Write Physdb Complete: Time (s): cpu = 00:00:00 ; elapsed = 00:00:00.026 . Memory (MB): peak = 2011.227 ; gain = 0.000
INFO: [Common 17-1381] The checkpoint 'C:/Users/rbrin/Documents/GitHub/CPE-3020-VHDL_Design/Lab4_Mine_Sweep_Part2/Lab4_Mine_Sweep_Part1.runs/impl_1/MineSweepWrapper_opt.dcp' has been generated.
Command: place_design
Attempting to get a license for feature 'Implementation' and/or device 'xc7a35t'
INFO: [Common 17-349] Got license for feature 'Implementation' and/or device 'xc7a35t'
INFO: [Common 17-83] Releasing license: Implementation
INFO: [DRC 23-27] Running DRC with 2 threads
INFO: [Vivado_Tcl 4-198] DRC finished with 0 Errors
INFO: [Vivado_Tcl 4-199] Please refer to the DRC report (report_drc) for more information.
Running DRC as a precondition to command place_design
INFO: [DRC 23-27] Running DRC with 2 threads
INFO: [Vivado_Tcl 4-198] DRC finished with 0 Errors
INFO: [Vivado_Tcl 4-199] Please refer to the DRC report (report_drc) for more information.
INFO: [Place 30-611] Multithreading enabled for place_design using a maximum of 2 CPUs

Starting Placer Task

Phase 1 Placer Initialization

Phase 1.1 Placer Initialization Netlist Sorting
Netlist sorting complete. Time (s): cpu = 00:00:00 ; elapsed = 00:00:00.001 . Memory (MB): peak = 2011.227 ; gain = 0.000
Phase 1.1 Placer Initialization Netlist Sorting | Checksum: 15b91bd52

Time (s): cpu = 00:00:00 ; elapsed = 00:00:00.001 . Memory (MB): peak = 2011.227 ; gain = 0.000
Netlist sorting complete. Time (s): cpu = 00:00:00 ; elapsed = 00:00:00.001 . Memory (MB): peak = 2011.227 ; gain = 0.000

Phase 1.2 IO Placement/ Clock Placement/ Build Placer Device
INFO: [Timing 38-35] Done setting XDC timing constraints.
Phase 1.2 IO Placement/ Clock Placement/ Build Placer Device | Checksum: abd8802a

Time (s): cpu = 00:00:01 ; elapsed = 00:00:00.202 . Memory (MB): peak = 2011.227 ; gain = 0.000

Phase 1.3 Build Placer Netlist Model
Phase 1.3 Build Placer Netlist Model | Checksum: 10372ec32

Time (s): cpu = 00:00:01 ; elapsed = 00:00:00.342 . Memory (MB): peak = 2011.227 ; gain = 0.000

Phase 1.4 Constrain Clocks/Macros
Phase 1.4 Constrain Clocks/Macros | Checksum: 10372ec32

Time (s): cpu = 00:00:01 ; elapsed = 00:00:00.345 . Memory (MB): peak = 2011.227 ; gain = 0.000
Phase 1 Placer Initialization | Checksum: 10372ec32

Time (s): cpu = 00:00:01 ; elapsed = 00:00:00.348 . Memory (MB): peak = 2011.227 ; gain = 0.000

Phase 2 Global Placement

Phase 2.1 Floorplanning
Phase 2.1 Floorplanning | Checksum: c363abf7

Time (s): cpu = 00:00:01 ; elapsed = 00:00:00.428 . Memory (MB): peak = 2011.227 ; gain = 0.000

Phase 2.2 Update Timing before SLR Path Opt
Phase 2.2 Update Timing before SLR Path Opt | Checksum: d0c58775

Time (s): cpu = 00:00:01 ; elapsed = 00:00:00.481 . Memory (MB): peak = 2011.227 ; gain = 0.000

Phase 2.3 Post-Processing in Floorplanning
Phase 2.3 Post-Processing in Floorplanning | Checksum: d0c58775

Time (s): cpu = 00:00:01 ; elapsed = 00:00:00.482 . Memory (MB): peak = 2011.227 ; gain = 0.000

Phase 2.4 Global Placement Core

Phase 2.4.1 UpdateTiming Before Physical Synthesis
Phase 2.4.1 UpdateTiming Before Physical Synthesis | Checksum: 1a21426cb

Time (s): cpu = 00:00:01 ; elapsed = 00:00:01 . Memory (MB): peak = 2011.227 ; gain = 0.000

Phase 2.4.2 Physical Synthesis In Placer
INFO: [Physopt 32-1035] Found 8 LUTNM shape to break, 0 LUT instances to create LUTNM shape
INFO: [Physopt 32-1044] Break lutnm for timing: one critical 7, two critical 1, total 8, new lutff created 0
INFO: [Physopt 32-1138] End 1 Pass. Optimized 8 nets or LUTs. Breaked 8 LUTs, combined 0 existing LUT and moved 0 existing LUT
INFO: [Physopt 32-65] No nets found for high-fanout optimization.
INFO: [Physopt 32-232] Optimized 0 net. Created 0 new instance.
INFO: [Physopt 32-775] End 1 Pass. Optimized 0 net or cell. Created 0 new cell, deleted 0 existing cell and moved 0 existing cell
INFO: [Physopt 32-456] No candidate cells for DSP register optimization found in the design.
INFO: [Physopt 32-775] End 2 Pass. Optimized 0 net or cell. Created 0 new cell, deleted 0 existing cell and moved 0 existing cell
INFO: [Physopt 32-1123] No candidate cells found for Shift Register to Pipeline optimization
INFO: [Physopt 32-775] End 2 Pass. Optimized 0 net or cell. Created 0 new cell, deleted 0 existing cell and moved 0 existing cell
INFO: [Physopt 32-1401] No candidate cells found for Shift Register optimization.
INFO: [Physopt 32-677] No candidate cells for Shift Register optimization found in the design
INFO: [Physopt 32-775] End 1 Pass. Optimized 0 net or cell. Created 0 new cell, deleted 0 existing cell and moved 0 existing cell
INFO: [Physopt 32-526] No candidate cells for BRAM register optimization found in the design
INFO: [Physopt 32-775] End 1 Pass. Optimized 0 net or cell. Created 0 new cell, deleted 0 existing cell and moved 0 existing cell
INFO: [Physopt 32-846] No candidate cells for URAM register optimization found in the design
INFO: [Physopt 32-775] End 1 Pass. Optimized 0 net or cell. Created 0 new cell, deleted 0 existing cell and moved 0 existing cell
INFO: [Physopt 32-846] No candidate cells for URAM register optimization found in the design
INFO: [Physopt 32-775] End 1 Pass. Optimized 0 net or cell. Created 0 new cell, deleted 0 existing cell and moved 0 existing cell
INFO: [Physopt 32-949] No candidate nets found for dynamic/static region interface net replication
INFO: [Physopt 32-775] End 1 Pass. Optimized 0 net or cell. Created 0 new cell, deleted 0 existing cell and moved 0 existing cell
Netlist sorting complete. Time (s): cpu = 00:00:00 ; elapsed = 00:00:00 . Memory (MB): peak = 2011.227 ; gain = 0.000

Summary of Physical Synthesis Optimizations
============================================


-----------------------------------------------------------------------------------------------------------------------------------------------------------
|  Optimization                                     |  Added Cells  |  Removed Cells  |  Optimized Cells/Nets  |  Dont Touch  |  Iterations  |  Elapsed   |
-----------------------------------------------------------------------------------------------------------------------------------------------------------
|  LUT Combining                                    |            8  |              0  |                     8  |           0  |           1  |  00:00:00  |
|  Retime                                           |            0  |              0  |                     0  |           0  |           1  |  00:00:00  |
|  Very High Fanout                                 |            0  |              0  |                     0  |           0  |           1  |  00:00:00  |
|  DSP Register                                     |            0  |              0  |                     0  |           0  |           1  |  00:00:00  |
|  Shift Register to Pipeline                       |            0  |              0  |                     0  |           0  |           1  |  00:00:00  |
|  Shift Register                                   |            0  |              0  |                     0  |           0  |           1  |  00:00:00  |
|  BRAM Register                                    |            0  |              0  |                     0  |           0  |           1  |  00:00:00  |
|  URAM Register                                    |            0  |              0  |                     0  |           0  |           1  |  00:00:00  |
|  Dynamic/Static Region Interface Net Replication  |            0  |              0  |                     0  |           0  |           1  |  00:00:00  |
|  Total                                            |            8  |              0  |                     8  |           0  |           9  |  00:00:00  |
-----------------------------------------------------------------------------------------------------------------------------------------------------------


Phase 2.4.2 Physical Synthesis In Placer | Checksum: 1ad9a8171

Time (s): cpu = 00:00:01 ; elapsed = 00:00:01 . Memory (MB): peak = 2011.227 ; gain = 0.000
Phase 2.4 Global Placement Core | Checksum: 1c5735c4c

Time (s): cpu = 00:00:01 ; elapsed = 00:00:02 . Memory (MB): peak = 2011.227 ; gain = 0.000
Phase 2 Global Placement | Checksum: 1c5735c4c

Time (s): cpu = 00:00:01 ; elapsed = 00:00:02 . Memory (MB): peak = 2011.227 ; gain = 0.000

Phase 3 Detail Placement

Phase 3.1 Commit Multi Column Macros
Phase 3.1 Commit Multi Column Macros | Checksum: 1b6d213d0

Time (s): cpu = 00:00:01 ; elapsed = 00:00:02 . Memory (MB): peak = 2011.227 ; gain = 0.000

Phase 3.2 Commit Most Macros & LUTRAMs
Phase 3.2 Commit Most Macros & LUTRAMs | Checksum: 1d7111176

Time (s): cpu = 00:00:01 ; elapsed = 00:00:02 . Memory (MB): peak = 2011.227 ; gain = 0.000

Phase 3.3 Area Swap Optimization
Phase 3.3 Area Swap Optimization | Checksum: 1cc2d1a9f

Time (s): cpu = 00:00:01 ; elapsed = 00:00:02 . Memory (MB): peak = 2011.227 ; gain = 0.000

Phase 3.4 Pipeline Register Optimization
Phase 3.4 Pipeline Register Optimization | Checksum: 1f3a3eaee

Time (s): cpu = 00:00:01 ; elapsed = 00:00:02 . Memory (MB): peak = 2011.227 ; gain = 0.000

Phase 3.5 Fast Optimization
Phase 3.5 Fast Optimization | Checksum: 1fa2c6774

Time (s): cpu = 00:00:01 ; elapsed = 00:00:02 . Memory (MB): peak = 2011.227 ; gain = 0.000

Phase 3.6 Small Shape Detail Placement
Phase 3.6 Small Shape Detail Placement | Checksum: 17a19c615

Time (s): cpu = 00:00:02 ; elapsed = 00:00:03 . Memory (MB): peak = 2011.227 ; gain = 0.000

Phase 3.7 Re-assign LUT pins
Phase 3.7 Re-assign LUT pins | Checksum: 249cdd9d5

Time (s): cpu = 00:00:02 ; elapsed = 00:00:03 . Memory (MB): peak = 2011.227 ; gain = 0.000

Phase 3.8 Pipeline Register Optimization
Phase 3.8 Pipeline Register Optimization | Checksum: 25af38374

Time (s): cpu = 00:00:02 ; elapsed = 00:00:03 . Memory (MB): peak = 2011.227 ; gain = 0.000

Phase 3.9 Fast Optimization
Phase 3.9 Fast Optimization | Checksum: 1f5d1e066

Time (s): cpu = 00:00:02 ; elapsed = 00:00:03 . Memory (MB): peak = 2011.227 ; gain = 0.000
Phase 3 Detail Placement | Checksum: 1f5d1e066

Time (s): cpu = 00:00:02 ; elapsed = 00:00:03 . Memory (MB): peak = 2011.227 ; gain = 0.000

Phase 4 Post Placement Optimization and Clean-Up

Phase 4.1 Post Commit Optimization
INFO: [Timing 38-35] Done setting XDC timing constraints.

Phase 4.1.1 Post Placement Optimization
Post Placement Optimization Initialization | Checksum: 1414b7611

Phase 4.1.1.1 BUFG Insertion

Starting Physical Synthesis Task

Phase 1 Physical Synthesis Initialization
INFO: [Physopt 32-721] Multithreading enabled for phys_opt_design using a maximum of 2 CPUs
INFO: [Physopt 32-619] Estimated Timing Summary | WNS=0.092 | TNS=0.000 |
Phase 1 Physical Synthesis Initialization | Checksum: e6c9035c

Time (s): cpu = 00:00:00 ; elapsed = 00:00:00.024 . Memory (MB): peak = 2011.227 ; gain = 0.000
INFO: [Place 46-56] BUFG insertion identified 0 candidate nets. Inserted BUFG: 0, Replicated BUFG Driver: 0, Skipped due to Placement/Routing Conflicts: 0, Skipped due to Timing Degradation: 0, Skipped due to netlist editing failed: 0.
Ending Physical Synthesis Task | Checksum: e6c9035c

Time (s): cpu = 00:00:00 ; elapsed = 00:00:00.029 . Memory (MB): peak = 2011.227 ; gain = 0.000
Phase 4.1.1.1 BUFG Insertion | Checksum: 1414b7611

Time (s): cpu = 00:00:02 ; elapsed = 00:00:03 . Memory (MB): peak = 2011.227 ; gain = 0.000

Phase 4.1.1.2 Post Placement Timing Optimization
INFO: [Place 30-746] Post Placement Timing Summary WNS=0.534. For the most accurate timing information please run report_timing.
Phase 4.1.1.2 Post Placement Timing Optimization | Checksum: 16633782b

Time (s): cpu = 00:00:02 ; elapsed = 00:00:04 . Memory (MB): peak = 2011.227 ; gain = 0.000

Time (s): cpu = 00:00:02 ; elapsed = 00:00:04 . Memory (MB): peak = 2011.227 ; gain = 0.000
Phase 4.1 Post Commit Optimization | Checksum: 16633782b

Time (s): cpu = 00:00:02 ; elapsed = 00:00:04 . Memory (MB): peak = 2011.227 ; gain = 0.000

Phase 4.2 Post Placement Cleanup
Phase 4.2 Post Placement Cleanup | Checksum: 16633782b

Time (s): cpu = 00:00:02 ; elapsed = 00:00:04 . Memory (MB): peak = 2011.227 ; gain = 0.000

Phase 4.3 Placer Reporting

Phase 4.3.1 Print Estimated Congestion
INFO: [Place 30-612] Post-Placement Estimated Congestion 
 ____________________________________________________
|           | Global Congestion | Short Congestion  |
| Direction | Region Size       | Region Size       |
|___________|___________________|___________________|
|      North|                1x1|                1x1|
|___________|___________________|___________________|
|      South|                1x1|                1x1|
|___________|___________________|___________________|
|       East|                1x1|                1x1|
|___________|___________________|___________________|
|       West|                1x1|                1x1|
|___________|___________________|___________________|

Phase 4.3.1 Print Estimated Congestion | Checksum: 16633782b

Time (s): cpu = 00:00:02 ; elapsed = 00:00:04 . Memory (MB): peak = 2011.227 ; gain = 0.000
Phase 4.3 Placer Reporting | Checksum: 16633782b

Time (s): cpu = 00:00:02 ; elapsed = 00:00:04 . Memory (MB): peak = 2011.227 ; gain = 0.000

Phase 4.4 Final Placement Cleanup
Netlist sorting complete. Time (s): cpu = 00:00:00 ; elapsed = 00:00:00.001 . Memory (MB): peak = 2011.227 ; gain = 0.000

Time (s): cpu = 00:00:02 ; elapsed = 00:00:04 . Memory (MB): peak = 2011.227 ; gain = 0.000
Phase 4 Post Placement Optimization and Clean-Up | Checksum: 22c7887d8

Time (s): cpu = 00:00:02 ; elapsed = 00:00:04 . Memory (MB): peak = 2011.227 ; gain = 0.000
Ending Placer Task | Checksum: 1ea47d4be

Time (s): cpu = 00:00:02 ; elapsed = 00:00:04 . Memory (MB): peak = 2011.227 ; gain = 0.000
70 Infos, 0 Warnings, 0 Critical Warnings and 0 Errors encountered.
place_design completed successfully
INFO: [runtcl-4] Executing : report_io -file MineSweepWrapper_io_placed.rpt
report_io: Time (s): cpu = 00:00:00 ; elapsed = 00:00:00.027 . Memory (MB): peak = 2011.227 ; gain = 0.000
INFO: [runtcl-4] Executing : report_utilization -file MineSweepWrapper_utilization_placed.rpt -pb MineSweepWrapper_utilization_placed.pb
INFO: [runtcl-4] Executing : report_control_sets -verbose -file MineSweepWrapper_control_sets_placed.rpt
report_control_sets: Time (s): cpu = 00:00:00 ; elapsed = 00:00:00.003 . Memory (MB): peak = 2011.227 ; gain = 0.000
INFO: [Timing 38-480] Writing timing data to binary archive.
Write ShapeDB Complete: Time (s): cpu = 00:00:00 ; elapsed = 00:00:00.002 . Memory (MB): peak = 2011.227 ; gain = 0.000
Wrote PlaceDB: Time (s): cpu = 00:00:00 ; elapsed = 00:00:00.035 . Memory (MB): peak = 2011.227 ; gain = 0.000
Wrote PulsedLatchDB: Time (s): cpu = 00:00:00 ; elapsed = 00:00:00 . Memory (MB): peak = 2011.227 ; gain = 0.000
Writing XDEF routing.
Writing XDEF routing logical nets.
Writing XDEF routing special nets.
Wrote RouteStorage: Time (s): cpu = 00:00:00 ; elapsed = 00:00:00.013 . Memory (MB): peak = 2011.227 ; gain = 0.000
Wrote Netlist Cache: Time (s): cpu = 00:00:00 ; elapsed = 00:00:00.001 . Memory (MB): peak = 2011.227 ; gain = 0.000
Wrote Device Cache: Time (s): cpu = 00:00:00 ; elapsed = 00:00:00.006 . Memory (MB): peak = 2011.227 ; gain = 0.000
Write Physdb Complete: Time (s): cpu = 00:00:00 ; elapsed = 00:00:00.061 . Memory (MB): peak = 2011.227 ; gain = 0.000
INFO: [Common 17-1381] The checkpoint 'C:/Users/rbrin/Documents/GitHub/CPE-3020-VHDL_Design/Lab4_Mine_Sweep_Part2/Lab4_Mine_Sweep_Part1.runs/impl_1/MineSweepWrapper_placed.dcp' has been generated.
Command: phys_opt_design
Attempting to get a license for feature 'Implementation' and/or device 'xc7a35t'
INFO: [Common 17-349] Got license for feature 'Implementation' and/or device 'xc7a35t'

Starting Initial Update Timing Task

Time (s): cpu = 00:00:00 ; elapsed = 00:00:00.066 . Memory (MB): peak = 2012.410 ; gain = 1.184
INFO: [Vivado_Tcl 4-383] Design worst setup slack (WNS) is greater than or equal to 0.000 ns. Skipping all physical synthesis optimizations.
INFO: [Vivado_Tcl 4-232] No setup violation found. The netlist was not modified.
INFO: [Common 17-83] Releasing license: Implementation
79 Infos, 0 Warnings, 0 Critical Warnings and 0 Errors encountered.
phys_opt_design completed successfully
INFO: [Timing 38-480] Writing timing data to binary archive.
Write ShapeDB Complete: Time (s): cpu = 00:00:00 ; elapsed = 00:00:00.002 . Memory (MB): peak = 2031.223 ; gain = 0.934
Wrote PlaceDB: Time (s): cpu = 00:00:00 ; elapsed = 00:00:00.032 . Memory (MB): peak = 2031.223 ; gain = 0.000
Wrote PulsedLatchDB: Time (s): cpu = 00:00:00 ; elapsed = 00:00:00 . Memory (MB): peak = 2031.223 ; gain = 0.000
Writing XDEF routing.
Writing XDEF routing logical nets.
Writing XDEF routing special nets.
Wrote RouteStorage: Time (s): cpu = 00:00:00 ; elapsed = 00:00:00.013 . Memory (MB): peak = 2031.223 ; gain = 0.000
Wrote Netlist Cache: Time (s): cpu = 00:00:00 ; elapsed = 00:00:00.001 . Memory (MB): peak = 2031.223 ; gain = 0.000
Wrote Device Cache: Time (s): cpu = 00:00:00 ; elapsed = 00:00:00.006 . Memory (MB): peak = 2031.223 ; gain = 0.000
Write Physdb Complete: Time (s): cpu = 00:00:00 ; elapsed = 00:00:00.059 . Memory (MB): peak = 2031.223 ; gain = 0.934
INFO: [Common 17-1381] The checkpoint 'C:/Users/rbrin/Documents/GitHub/CPE-3020-VHDL_Design/Lab4_Mine_Sweep_Part2/Lab4_Mine_Sweep_Part1.runs/impl_1/MineSweepWrapper_physopt.dcp' has been generated.
Command: route_design
Attempting to get a license for feature 'Implementation' and/or device 'xc7a35t'
INFO: [Common 17-349] Got license for feature 'Implementation' and/or device 'xc7a35t'
Running DRC as a precondition to command route_design
INFO: [DRC 23-27] Running DRC with 2 threads
INFO: [Vivado_Tcl 4-198] DRC finished with 0 Errors
INFO: [Vivado_Tcl 4-199] Please refer to the DRC report (report_drc) for more information.


Starting Routing Task
INFO: [Route 35-254] Multithreading enabled for route_design using a maximum of 8 CPUs

Phase 1 Build RT Design
Checksum: PlaceDB: fe7fc03e ConstDB: 0 ShapeSum: ebc81480 RouteDB: 0
Post Restoration Checksum: NetGraph: cc2bf8c2 | NumContArr: 5e473990 | Constraints: c2a8fa9d | Timing: c2a8fa9d
Phase 1 Build RT Design | Checksum: 2afc5278c

Time (s): cpu = 00:00:10 ; elapsed = 00:00:13 . Memory (MB): peak = 2137.625 ; gain = 94.238

Phase 2 Router Initialization

Phase 2.1 Fix Topology Constraints
Phase 2.1 Fix Topology Constraints | Checksum: 2afc5278c

Time (s): cpu = 00:00:10 ; elapsed = 00:00:13 . Memory (MB): peak = 2137.625 ; gain = 94.238

Phase 2.2 Pre Route Cleanup
Phase 2.2 Pre Route Cleanup | Checksum: 2afc5278c

Time (s): cpu = 00:00:10 ; elapsed = 00:00:13 . Memory (MB): peak = 2137.625 ; gain = 94.238
 Number of Nodes with overlaps = 0

Phase 2.3 Update Timing
Phase 2.3 Update Timing | Checksum: 1a65ae563

Time (s): cpu = 00:00:10 ; elapsed = 00:00:13 . Memory (MB): peak = 2175.684 ; gain = 132.297
INFO: [Route 35-416] Intermediate Timing Summary | WNS=0.726  | TNS=0.000  | WHS=-0.091 | THS=-2.517 |


Router Utilization Summary
  Global Vertical Routing Utilization    = 0.01164 %
  Global Horizontal Routing Utilization  = 0.00989068 %
  Routable Net Status*
  *Does not include unroutable nets such as driverless and loadless.
  Run report_route_status for detailed report.
  Number of Failed Nets               = 545
    (Failed Nets is the sum of unrouted and partially routed nets)
  Number of Unrouted Nets             = 540
  Number of Partially Routed Nets     = 5
  Number of Node Overlaps             = 88

Phase 2 Router Initialization | Checksum: 20a90cae9

Time (s): cpu = 00:00:10 ; elapsed = 00:00:13 . Memory (MB): peak = 2184.633 ; gain = 141.246

Phase 3 Initial Routing

Phase 3.1 Global Routing
Phase 3.1 Global Routing | Checksum: 20a90cae9

Time (s): cpu = 00:00:10 ; elapsed = 00:00:13 . Memory (MB): peak = 2184.633 ; gain = 141.246

Phase 3.2 Initial Net Routing
Phase 3.2 Initial Net Routing | Checksum: 14c73b86d

Time (s): cpu = 00:00:10 ; elapsed = 00:00:13 . Memory (MB): peak = 2184.633 ; gain = 141.246
Phase 3 Initial Routing | Checksum: 14c73b86d

Time (s): cpu = 00:00:10 ; elapsed = 00:00:13 . Memory (MB): peak = 2184.633 ; gain = 141.246

Phase 4 Rip-up And Reroute

Phase 4.1 Global Iteration 0
 Number of Nodes with overlaps = 407
 Number of Nodes with overlaps = 284
 Number of Nodes with overlaps = 186
 Number of Nodes with overlaps = 96
 Number of Nodes with overlaps = 56
 Number of Nodes with overlaps = 22
 Number of Nodes with overlaps = 14
 Number of Nodes with overlaps = 9
 Number of Nodes with overlaps = 3
 Number of Nodes with overlaps = 3
 Number of Nodes with overlaps = 2
 Number of Nodes with overlaps = 2
 Number of Nodes with overlaps = 0
INFO: [Route 35-416] Intermediate Timing Summary | WNS=0.492  | TNS=0.000  | WHS=N/A    | THS=N/A    |

Phase 4.1 Global Iteration 0 | Checksum: 25301dcce

Time (s): cpu = 00:00:11 ; elapsed = 00:00:15 . Memory (MB): peak = 2184.633 ; gain = 141.246
Phase 4 Rip-up And Reroute | Checksum: 25301dcce

Time (s): cpu = 00:00:11 ; elapsed = 00:00:15 . Memory (MB): peak = 2184.633 ; gain = 141.246

Phase 5 Delay and Skew Optimization

Phase 5.1 Delay CleanUp

Phase 5.1.1 Update Timing
Phase 5.1.1 Update Timing | Checksum: 31f4da457

Time (s): cpu = 00:00:11 ; elapsed = 00:00:15 . Memory (MB): peak = 2184.633 ; gain = 141.246
INFO: [Route 35-416] Intermediate Timing Summary | WNS=0.559  | TNS=0.000  | WHS=N/A    | THS=N/A    |

Phase 5.1 Delay CleanUp | Checksum: 31f4da457

Time (s): cpu = 00:00:11 ; elapsed = 00:00:15 . Memory (MB): peak = 2184.633 ; gain = 141.246

Phase 5.2 Clock Skew Optimization
Phase 5.2 Clock Skew Optimization | Checksum: 31f4da457

Time (s): cpu = 00:00:11 ; elapsed = 00:00:15 . Memory (MB): peak = 2184.633 ; gain = 141.246
Phase 5 Delay and Skew Optimization | Checksum: 31f4da457

Time (s): cpu = 00:00:11 ; elapsed = 00:00:15 . Memory (MB): peak = 2184.633 ; gain = 141.246

Phase 6 Post Hold Fix

Phase 6.1 Hold Fix Iter

Phase 6.1.1 Update Timing
Phase 6.1.1 Update Timing | Checksum: 23a7ff364

Time (s): cpu = 00:00:11 ; elapsed = 00:00:15 . Memory (MB): peak = 2184.633 ; gain = 141.246
INFO: [Route 35-416] Intermediate Timing Summary | WNS=0.559  | TNS=0.000  | WHS=0.164  | THS=0.000  |

Phase 6.1 Hold Fix Iter | Checksum: 2604c73d5

Time (s): cpu = 00:00:11 ; elapsed = 00:00:15 . Memory (MB): peak = 2184.633 ; gain = 141.246
Phase 6 Post Hold Fix | Checksum: 2604c73d5

Time (s): cpu = 00:00:11 ; elapsed = 00:00:15 . Memory (MB): peak = 2184.633 ; gain = 141.246

Phase 7 Route finalize

Router Utilization Summary
  Global Vertical Routing Utilization    = 0.220681 %
  Global Horizontal Routing Utilization  = 0.255336 %
  Routable Net Status*
  *Does not include unroutable nets such as driverless and loadless.
  Run report_route_status for detailed report.
  Number of Failed Nets               = 0
    (Failed Nets is the sum of unrouted and partially routed nets)
  Number of Unrouted Nets             = 0
  Number of Partially Routed Nets     = 0
  Number of Node Overlaps             = 0

Phase 7 Route finalize | Checksum: 2604c73d5

Time (s): cpu = 00:00:11 ; elapsed = 00:00:15 . Memory (MB): peak = 2184.633 ; gain = 141.246

Phase 8 Verifying routed nets

 Verification completed successfully
Phase 8 Verifying routed nets | Checksum: 2604c73d5

Time (s): cpu = 00:00:11 ; elapsed = 00:00:15 . Memory (MB): peak = 2184.633 ; gain = 141.246

Phase 9 Depositing Routes
Phase 9 Depositing Routes | Checksum: 274e4ca2f

Time (s): cpu = 00:00:11 ; elapsed = 00:00:15 . Memory (MB): peak = 2184.633 ; gain = 141.246

Phase 10 Post Router Timing
INFO: [Route 35-57] Estimated Timing Summary | WNS=0.559  | TNS=0.000  | WHS=0.164  | THS=0.000  |

INFO: [Route 35-327] The final timing numbers are based on the router estimated timing analysis. For a complete and accurate timing signoff, please run report_timing_summary.
Phase 10 Post Router Timing | Checksum: 274e4ca2f

Time (s): cpu = 00:00:11 ; elapsed = 00:00:15 . Memory (MB): peak = 2184.633 ; gain = 141.246
INFO: [Route 35-16] Router Completed Successfully

Phase 11 Post-Route Event Processing
Phase 11 Post-Route Event Processing | Checksum: 186ce5ea9

Time (s): cpu = 00:00:11 ; elapsed = 00:00:15 . Memory (MB): peak = 2184.633 ; gain = 141.246
Ending Routing Task | Checksum: 186ce5ea9

Time (s): cpu = 00:00:11 ; elapsed = 00:00:15 . Memory (MB): peak = 2184.633 ; gain = 141.246

Routing Is Done.
INFO: [Common 17-83] Releasing license: Implementation
94 Infos, 0 Warnings, 0 Critical Warnings and 0 Errors encountered.
route_design completed successfully
route_design: Time (s): cpu = 00:00:12 ; elapsed = 00:00:15 . Memory (MB): peak = 2184.633 ; gain = 153.410
INFO: [runtcl-4] Executing : report_drc -file MineSweepWrapper_drc_routed.rpt -pb MineSweepWrapper_drc_routed.pb -rpx MineSweepWrapper_drc_routed.rpx
Command: report_drc -file MineSweepWrapper_drc_routed.rpt -pb MineSweepWrapper_drc_routed.pb -rpx MineSweepWrapper_drc_routed.rpx
INFO: [IP_Flow 19-1839] IP Catalog is up to date.
INFO: [DRC 23-27] Running DRC with 2 threads
INFO: [Vivado_Tcl 2-168] The results of DRC are in file C:/Users/rbrin/Documents/GitHub/CPE-3020-VHDL_Design/Lab4_Mine_Sweep_Part2/Lab4_Mine_Sweep_Part1.runs/impl_1/MineSweepWrapper_drc_routed.rpt.
report_drc completed successfully
INFO: [runtcl-4] Executing : report_methodology -file MineSweepWrapper_methodology_drc_routed.rpt -pb MineSweepWrapper_methodology_drc_routed.pb -rpx MineSweepWrapper_methodology_drc_routed.rpx
Command: report_methodology -file MineSweepWrapper_methodology_drc_routed.rpt -pb MineSweepWrapper_methodology_drc_routed.pb -rpx MineSweepWrapper_methodology_drc_routed.rpx
INFO: [Timing 38-35] Done setting XDC timing constraints.
INFO: [DRC 23-133] Running Methodology with 2 threads
INFO: [Vivado_Tcl 2-1520] The results of Report Methodology are in file C:/Users/rbrin/Documents/GitHub/CPE-3020-VHDL_Design/Lab4_Mine_Sweep_Part2/Lab4_Mine_Sweep_Part1.runs/impl_1/MineSweepWrapper_methodology_drc_routed.rpt.
report_methodology completed successfully
INFO: [runtcl-4] Executing : report_power -file MineSweepWrapper_power_routed.rpt -pb MineSweepWrapper_power_summary_routed.pb -rpx MineSweepWrapper_power_routed.rpx
Command: report_power -file MineSweepWrapper_power_routed.rpt -pb MineSweepWrapper_power_summary_routed.pb -rpx MineSweepWrapper_power_routed.rpx
INFO: [Timing 38-35] Done setting XDC timing constraints.
Running Vector-less Activity Propagation...

Finished Running Vector-less Activity Propagation
104 Infos, 0 Warnings, 0 Critical Warnings and 0 Errors encountered.
report_power completed successfully
INFO: [runtcl-4] Executing : report_route_status -file MineSweepWrapper_route_status.rpt -pb MineSweepWrapper_route_status.pb
INFO: [runtcl-4] Executing : report_timing_summary -max_paths 10 -report_unconstrained -file MineSweepWrapper_timing_summary_routed.rpt -pb MineSweepWrapper_timing_summary_routed.pb -rpx MineSweepWrapper_timing_summary_routed.rpx -warn_on_violation 
INFO: [Timing 38-91] UpdateTimingParams: Speed grade: -1, Delay Type: min_max.
INFO: [Timing 38-191] Multithreading enabled for timing update using a maximum of 2 CPUs
INFO: [runtcl-4] Executing : report_incremental_reuse -file MineSweepWrapper_incremental_reuse_routed.rpt
INFO: [Vivado_Tcl 4-1062] Incremental flow is disabled. No incremental reuse Info to report.
INFO: [runtcl-4] Executing : report_clock_utilization -file MineSweepWrapper_clock_utilization_routed.rpt
INFO: [runtcl-4] Executing : report_bus_skew -warn_on_violation -file MineSweepWrapper_bus_skew_routed.rpt -pb MineSweepWrapper_bus_skew_routed.pb -rpx MineSweepWrapper_bus_skew_routed.rpx
INFO: [Timing 38-91] UpdateTimingParams: Speed grade: -1, Delay Type: min_max.
INFO: [Timing 38-191] Multithreading enabled for timing update using a maximum of 2 CPUs
INFO: [Timing 38-480] Writing timing data to binary archive.
Write ShapeDB Complete: Time (s): cpu = 00:00:00 ; elapsed = 00:00:00.002 . Memory (MB): peak = 2185.273 ; gain = 0.000
Wrote PlaceDB: Time (s): cpu = 00:00:00 ; elapsed = 00:00:00.036 . Memory (MB): peak = 2185.273 ; gain = 0.000
Wrote PulsedLatchDB: Time (s): cpu = 00:00:00 ; elapsed = 00:00:00 . Memory (MB): peak = 2185.273 ; gain = 0.000
Writing XDEF routing.
Writing XDEF routing logical nets.
Writing XDEF routing special nets.
Wrote RouteStorage: Time (s): cpu = 00:00:00 ; elapsed = 00:00:00.021 . Memory (MB): peak = 2185.273 ; gain = 0.000
Wrote Netlist Cache: Time (s): cpu = 00:00:00 ; elapsed = 00:00:00.001 . Memory (MB): peak = 2185.273 ; gain = 0.000
Wrote Device Cache: Time (s): cpu = 00:00:00 ; elapsed = 00:00:00.006 . Memory (MB): peak = 2185.273 ; gain = 0.000
Write Physdb Complete: Time (s): cpu = 00:00:00 ; elapsed = 00:00:00.072 . Memory (MB): peak = 2185.273 ; gain = 0.000
INFO: [Common 17-1381] The checkpoint 'C:/Users/rbrin/Documents/GitHub/CPE-3020-VHDL_Design/Lab4_Mine_Sweep_Part2/Lab4_Mine_Sweep_Part1.runs/impl_1/MineSweepWrapper_routed.dcp' has been generated.
Command: write_bitstream -force MineSweepWrapper.bit
Attempting to get a license for feature 'Implementation' and/or device 'xc7a35t'
INFO: [Common 17-349] Got license for feature 'Implementation' and/or device 'xc7a35t'
Running DRC as a precondition to command write_bitstream
INFO: [IP_Flow 19-1839] IP Catalog is up to date.
INFO: [DRC 23-27] Running DRC with 2 threads
WARNING: [DRC PDRC-153] Gated clock check: Net MINESWEEP/MOVEDETECT/MOVE_FSM.moveTraker_reg[0]_i_2_n_0 is a gated clock net sourced by a combinational pin MINESWEEP/MOVEDETECT/MOVE_FSM.moveTraker_reg[0]_i_2/O, cell MINESWEEP/MOVEDETECT/MOVE_FSM.moveTraker_reg[0]_i_2. This is not good design practice and will likely impact performance. For SLICE registers, for example, use the CE pin to control the loading of data.
WARNING: [DRC PDRC-153] Gated clock check: Net MINESWEEP/MOVEDETECT/MOVE_FSM.moveTraker_reg[10]_i_2_n_0 is a gated clock net sourced by a combinational pin MINESWEEP/MOVEDETECT/MOVE_FSM.moveTraker_reg[10]_i_2/O, cell MINESWEEP/MOVEDETECT/MOVE_FSM.moveTraker_reg[10]_i_2. This is not good design practice and will likely impact performance. For SLICE registers, for example, use the CE pin to control the loading of data.
WARNING: [DRC PDRC-153] Gated clock check: Net MINESWEEP/MOVEDETECT/MOVE_FSM.moveTraker_reg[11]_i_2_n_0 is a gated clock net sourced by a combinational pin MINESWEEP/MOVEDETECT/MOVE_FSM.moveTraker_reg[11]_i_2/O, cell MINESWEEP/MOVEDETECT/MOVE_FSM.moveTraker_reg[11]_i_2. This is not good design practice and will likely impact performance. For SLICE registers, for example, use the CE pin to control the loading of data.
WARNING: [DRC PDRC-153] Gated clock check: Net MINESWEEP/MOVEDETECT/MOVE_FSM.moveTraker_reg[12]_i_2_n_0 is a gated clock net sourced by a combinational pin MINESWEEP/MOVEDETECT/MOVE_FSM.moveTraker_reg[12]_i_2/O, cell MINESWEEP/MOVEDETECT/MOVE_FSM.moveTraker_reg[12]_i_2. This is not good design practice and will likely impact performance. For SLICE registers, for example, use the CE pin to control the loading of data.
WARNING: [DRC PDRC-153] Gated clock check: Net MINESWEEP/MOVEDETECT/MOVE_FSM.moveTraker_reg[13]_i_2_n_0 is a gated clock net sourced by a combinational pin MINESWEEP/MOVEDETECT/MOVE_FSM.moveTraker_reg[13]_i_2/O, cell MINESWEEP/MOVEDETECT/MOVE_FSM.moveTraker_reg[13]_i_2. This is not good design practice and will likely impact performance. For SLICE registers, for example, use the CE pin to control the loading of data.
WARNING: [DRC PDRC-153] Gated clock check: Net MINESWEEP/MOVEDETECT/MOVE_FSM.moveTraker_reg[14]_i_2_n_0 is a gated clock net sourced by a combinational pin MINESWEEP/MOVEDETECT/MOVE_FSM.moveTraker_reg[14]_i_2/O, cell MINESWEEP/MOVEDETECT/MOVE_FSM.moveTraker_reg[14]_i_2. This is not good design practice and will likely impact performance. For SLICE registers, for example, use the CE pin to control the loading of data.
WARNING: [DRC PDRC-153] Gated clock check: Net MINESWEEP/MOVEDETECT/MOVE_FSM.moveTraker_reg[15]_i_2_n_0 is a gated clock net sourced by a combinational pin MINESWEEP/MOVEDETECT/MOVE_FSM.moveTraker_reg[15]_i_2/O, cell MINESWEEP/MOVEDETECT/MOVE_FSM.moveTraker_reg[15]_i_2. This is not good design practice and will likely impact performance. For SLICE registers, for example, use the CE pin to control the loading of data.
WARNING: [DRC PDRC-153] Gated clock check: Net MINESWEEP/MOVEDETECT/MOVE_FSM.moveTraker_reg[1]_i_2_n_0 is a gated clock net sourced by a combinational pin MINESWEEP/MOVEDETECT/MOVE_FSM.moveTraker_reg[1]_i_2/O, cell MINESWEEP/MOVEDETECT/MOVE_FSM.moveTraker_reg[1]_i_2. This is not good design practice and will likely impact performance. For SLICE registers, for example, use the CE pin to control the loading of data.
WARNING: [DRC PDRC-153] Gated clock check: Net MINESWEEP/MOVEDETECT/MOVE_FSM.moveTraker_reg[2]_i_2_n_0 is a gated clock net sourced by a combinational pin MINESWEEP/MOVEDETECT/MOVE_FSM.moveTraker_reg[2]_i_2/O, cell MINESWEEP/MOVEDETECT/MOVE_FSM.moveTraker_reg[2]_i_2. This is not good design practice and will likely impact performance. For SLICE registers, for example, use the CE pin to control the loading of data.
WARNING: [DRC PDRC-153] Gated clock check: Net MINESWEEP/MOVEDETECT/MOVE_FSM.moveTraker_reg[3]_i_2_n_0 is a gated clock net sourced by a combinational pin MINESWEEP/MOVEDETECT/MOVE_FSM.moveTraker_reg[3]_i_2/O, cell MINESWEEP/MOVEDETECT/MOVE_FSM.moveTraker_reg[3]_i_2. This is not good design practice and will likely impact performance. For SLICE registers, for example, use the CE pin to control the loading of data.
WARNING: [DRC PDRC-153] Gated clock check: Net MINESWEEP/MOVEDETECT/MOVE_FSM.moveTraker_reg[4]_i_2_n_0 is a gated clock net sourced by a combinational pin MINESWEEP/MOVEDETECT/MOVE_FSM.moveTraker_reg[4]_i_2/O, cell MINESWEEP/MOVEDETECT/MOVE_FSM.moveTraker_reg[4]_i_2. This is not good design practice and will likely impact performance. For SLICE registers, for example, use the CE pin to control the loading of data.
WARNING: [DRC PDRC-153] Gated clock check: Net MINESWEEP/MOVEDETECT/MOVE_FSM.moveTraker_reg[5]_i_2_n_0 is a gated clock net sourced by a combinational pin MINESWEEP/MOVEDETECT/MOVE_FSM.moveTraker_reg[5]_i_2/O, cell MINESWEEP/MOVEDETECT/MOVE_FSM.moveTraker_reg[5]_i_2. This is not good design practice and will likely impact performance. For SLICE registers, for example, use the CE pin to control the loading of data.
WARNING: [DRC PDRC-153] Gated clock check: Net MINESWEEP/MOVEDETECT/MOVE_FSM.moveTraker_reg[6]_i_2_n_0 is a gated clock net sourced by a combinational pin MINESWEEP/MOVEDETECT/MOVE_FSM.moveTraker_reg[6]_i_2/O, cell MINESWEEP/MOVEDETECT/MOVE_FSM.moveTraker_reg[6]_i_2. This is not good design practice and will likely impact performance. For SLICE registers, for example, use the CE pin to control the loading of data.
WARNING: [DRC PDRC-153] Gated clock check: Net MINESWEEP/MOVEDETECT/MOVE_FSM.moveTraker_reg[7]_i_2_n_0 is a gated clock net sourced by a combinational pin MINESWEEP/MOVEDETECT/MOVE_FSM.moveTraker_reg[7]_i_2/O, cell MINESWEEP/MOVEDETECT/MOVE_FSM.moveTraker_reg[7]_i_2. This is not good design practice and will likely impact performance. For SLICE registers, for example, use the CE pin to control the loading of data.
WARNING: [DRC PDRC-153] Gated clock check: Net MINESWEEP/MOVEDETECT/MOVE_FSM.moveTraker_reg[8]_i_2_n_0 is a gated clock net sourced by a combinational pin MINESWEEP/MOVEDETECT/MOVE_FSM.moveTraker_reg[8]_i_2/O, cell MINESWEEP/MOVEDETECT/MOVE_FSM.moveTraker_reg[8]_i_2. This is not good design practice and will likely impact performance. For SLICE registers, for example, use the CE pin to control the loading of data.
WARNING: [DRC PDRC-153] Gated clock check: Net MINESWEEP/MOVEDETECT/MOVE_FSM.moveTraker_reg[9]_i_2_n_0 is a gated clock net sourced by a combinational pin MINESWEEP/MOVEDETECT/MOVE_FSM.moveTraker_reg[9]_i_2/O, cell MINESWEEP/MOVEDETECT/MOVE_FSM.moveTraker_reg[9]_i_2. This is not good design practice and will likely impact performance. For SLICE registers, for example, use the CE pin to control the loading of data.
INFO: [Vivado 12-3199] DRC finished with 0 Errors, 16 Warnings
INFO: [Vivado 12-3200] Please refer to the DRC report (report_drc) for more information.
INFO: [Designutils 20-2272] Running write_bitstream with 2 threads.
Loading data files...
Loading site data...
Loading route data...
Processing options...
Creating bitmap...
Creating bitstream...
Bitstream compression saved 13914624 bits.
Writing bitstream ./MineSweepWrapper.bit...
INFO: [Vivado 12-1842] Bitgen Completed Successfully.
INFO: [Project 1-1876] WebTalk data collection is mandatory when using a ULT device. To see the specific WebTalk data collected for your design, open the usage_statistics_webtalk.html or usage_statistics_webtalk.xml file in the implementation directory.
INFO: [Common 17-83] Releasing license: Implementation
14 Infos, 16 Warnings, 0 Critical Warnings and 0 Errors encountered.
write_bitstream completed successfully
write_bitstream: Time (s): cpu = 00:00:05 ; elapsed = 00:00:07 . Memory (MB): peak = 2608.055 ; gain = 422.781
INFO: [Common 17-206] Exiting Vivado at Mon Apr 22 15:38:35 2024...
